SF:/workspace/scratch/2530b218b415/work/sm34_tree/src/supermoon34/__init__.py
DA:3,1
SF:/workspace/scratch/2530b218b415/work/sm34_tree/src/supermoon34/__init__.py
DA:13,1
SF:/workspace/scratch/2530b218b415/work/sm34_tree/src/supermoon34/__init__.py
DA:22,1
SF:/workspace/scratch/2530b218b415/work/sm34_tree/src/supermoon34/__init__.py
DA:23,1
end_of_record
SF:/workspace/scratch/2530b218b415/work/sm34_tree/src/supermoon34/__main__.py
DA:1,0
SF:/workspace/scratch/2530b218b415/work/sm34_tree/src/supermoon34/__main__.py
DA:3,0
end_of_record
SF:/workspace/scratch/2530b218b415/work/sm34_tree/src/supermoon34/aerospace/__init__.py
DA:3,1
SF:/workspace/scratch/2530b218b415/work/sm34_tree/src/supermoon34/aerospace/__init__.py
DA:4,1
SF:/workspace/scratch/2530b218b415/work/sm34_tree/src/supermoon34/aerospace/__init__.py
DA:5,1
SF:/workspace/scratch/2530b218b415/work/sm34_tree/src/supermoon34/aerospace/__init__.py
DA:6,1
SF:/workspace/scratch/2530b218b415/work/sm34_tree/src/supermoon34/aerospace/__init__.py
DA:7,1
SF:/workspace/scratch/2530b218b415/work/sm34_tree/src/supermoon34/aerospace/__init__.py
DA:9,1
end_of_record
SF:/workspace/scratch/2530b218b415/work/sm34_tree/src/supermoon34/aerospace/design.py
DA:3,1
SF:/workspace/scratch/2530b218b415/work/sm34_tree/src/supermoon34/aerospace/design.py
DA:5,1
SF:/workspace/scratch/2530b218b415/work/sm34_tree/src/supermoon34/aerospace/design.py
DA:6,1
SF:/workspace/scratch/2530b218b415/work/sm34_tree/src/supermoon34/aerospace/design.py
DA:7,1
SF:/workspace/scratch/2530b218b415/work/sm34_tree/src/supermoon34/aerospace/design.py
DA:9,1
SF:/workspace/scratch/2530b218b415/work/sm34_tree/src/supermoon34/aerospace/design.py
DA:13,1
SF:/workspace/scratch/2530b218b415/work/sm34_tree/src/supermoon34/aerospace/design.py
DA:14,1
SF:/workspace/scratch/2530b218b415/work/sm34_tree/src/supermoon34/aerospace/design.py
DA:15,1
SF:/workspace/scratch/2530b218b415/work/sm34_tree/src/supermoon34/aerospace/design.py
DA:16,1
SF:/workspace/scratch/2530b218b415/work/sm34_tree/src/supermoon34/aerospace/design.py
DA:17,1
SF:/workspace/scratch/2530b218b415/work/sm34_tree/src/supermoon34/aerospace/design.py
DA:18,1
SF:/workspace/scratch/2530b218b415/work/sm34_tree/src/supermoon34/aerospace/design.py
DA:21,1
SF:/workspace/scratch/2530b218b415/work/sm34_tree/src/supermoon34/aerospace/design.py
DA:22,1
SF:/workspace/scratch/2530b218b415/work/sm34_tree/src/supermoon34/aerospace/design.py
DA:23,0
SF:/workspace/scratch/2530b218b415/work/sm34_tree/src/supermoon34/aerospace/design.py
DA:24,1
SF:/workspace/scratch/2530b218b415/work/sm34_tree/src/supermoon34/aerospace/design.py
DA:25,1
SF:/workspace/scratch/2530b218b415/work/sm34_tree/src/supermoon34/aerospace/design.py
DA:26,1
SF:/workspace/scratch/2530b218b415/work/sm34_tree/src/supermoon34/aerospace/design.py
DA:27,1
SF:/workspace/scratch/2530b218b415/work/sm34_tree/src/supermoon34/aerospace/design.py
DA:28,1
SF:/workspace/scratch/2530b218b415/work/sm34_tree/src/supermoon34/aerospace/design.py
DA:29,1
SF:/workspace/scratch/2530b218b415/work/sm34_tree/src/supermoon34/aerospace/design.py
DA:33,1
SF:/workspace/scratch/2530b218b415/work/sm34_tree/src/supermoon34/aerospace/design.py
DA:34,1
SF:/workspace/scratch/2530b218b415/work/sm34_tree/src/supermoon34/aerospace/design.py
DA:35,1
SF:/workspace/scratch/2530b218b415/work/sm34_tree/src/supermoon34/aerospace/design.py
DA:36,1
SF:/workspace/scratch/2530b218b415/work/sm34_tree/src/supermoon34/aerospace/design.py
DA:37,1
SF:/workspace/scratch/2530b218b415/work/sm34_tree/src/supermoon34/aerospace/design.py
DA:38,1
SF:/workspace/scratch/2530b218b415/work/sm34_tree/src/supermoon34/aerospace/design.py
DA:39,1
SF:/workspace/scratch/2530b218b415/work/sm34_tree/src/supermoon34/aerospace/design.py
DA:41,1
SF:/workspace/scratch/2530b218b415/work/sm34_tree/src/supermoon34/aerospace/design.py
DA:42,1
SF:/workspace/scratch/2530b218b415/work/sm34_tree/src/supermoon34/aerospace/design.py
DA:43,0
SF:/workspace/scratch/2530b218b415/work/sm34_tree/src/supermoon34/aerospace/design.py
DA:47,1
SF:/workspace/scratch/2530b218b415/work/sm34_tree/src/supermoon34/aerospace/design.py
DA:48,1
SF:/workspace/scratch/2530b218b415/work/sm34_tree/src/supermoon34/aerospace/design.py
DA:49,1
SF:/workspace/scratch/2530b218b415/work/sm34_tree/src/supermoon34/aerospace/design.py
DA:50,1
SF:/workspace/scratch/2530b218b415/work/sm34_tree/src/supermoon34/aerospace/design.py
DA:51,1
SF:/workspace/scratch/2530b218b415/work/sm34_tree/src/supermoon34/aerospace/design.py
DA:52,1
SF:/workspace/scratch/2530b218b415/work/sm34_tree/src/supermoon34/aerospace/design.py
DA:53,1
SF:/workspace/scratch/2530b218b415/work/sm34_tree/src/supermoon34/aerospace/design.py
DA:57,1
SF:/workspace/scratch/2530b218b415/work/sm34_tree/src/supermoon34/aerospace/design.py
DA:58,1
SF:/workspace/scratch/2530b218b415/work/sm34_tree/src/supermoon34/aerospace/design.py
DA:59,1
SF:/workspace/scratch/2530b218b415/work/sm34_tree/src/supermoon34/aerospace/design.py
DA:60,1
SF:/workspace/scratch/2530b218b415/work/sm34_tree/src/supermoon34/aerospace/design.py
DA:61,1
SF:/workspace/scratch/2530b218b415/work/sm34_tree/src/supermoon34/aerospace/design.py
DA:62,1
SF:/workspace/scratch/2530b218b415/work/sm34_tree/src/supermoon34/aerospace/design.py
DA:63,1
SF:/workspace/scratch/2530b218b415/work/sm34_tree/src/supermoon34/aerospace/design.py
DA:65,1
SF:/workspace/scratch/2530b218b415/work/sm34_tree/src/supermoon34/aerospace/design.py
DA:66,1
SF:/workspace/scratch/2530b218b415/work/sm34_tree/src/supermoon34/aerospace/design.py
DA:67,1
SF:/workspace/scratch/2530b218b415/work/sm34_tree/src/supermoon34/aerospace/design.py
DA:68,0
SF:/workspace/scratch/2530b218b415/work/sm34_tree/src/supermoon34/aerospace/design.py
DA:71,1
SF:/workspace/scratch/2530b218b415/work/sm34_tree/src/supermoon34/aerospace/design.py
DA:72,1
SF:/workspace/scratch/2530b218b415/work/sm34_tree/src/supermoon34/aerospace/design.py
DA:74,1
SF:/workspace/scratch/2530b218b415/work/sm34_tree/src/supermoon34/aerospace/design.py
DA:75,1
SF:/workspace/scratch/2530b218b415/work/sm34_tree/src/supermoon34/aerospace/design.py
DA:76,0
SF:/workspace/scratch/2530b218b415/work/sm34_tree/src/supermoon34/aerospace/design.py
DA:77,1
SF:/workspace/scratch/2530b218b415/work/sm34_tree/src/supermoon34/aerospace/design.py
DA:78,1
SF:/workspace/scratch/2530b218b415/work/sm34_tree/src/supermoon34/aerospace/design.py
DA:79,1
SF:/workspace/scratch/2530b218b415/work/sm34_tree/src/supermoon34/aerospace/design.py
DA:80,1
SF:/workspace/scratch/2530b218b415/work/sm34_tree/src/supermoon34/aerospace/design.py
DA:81,1
SF:/workspace/scratch/2530b218b415/work/sm34_tree/src/supermoon34/aerospace/design.py
DA:82,1
SF:/workspace/scratch/2530b218b415/work/sm34_tree/src/supermoon34/aerospace/design.py
DA:84,1
SF:/workspace/scratch/2530b218b415/work/sm34_tree/src/supermoon34/aerospace/design.py
DA:85,1
SF:/workspace/scratch/2530b218b415/work/sm34_tree/src/supermoon34/aerospace/design.py
DA:86,1
SF:/workspace/scratch/2530b218b415/work/sm34_tree/src/supermoon34/aerospace/design.py
DA:88,1
SF:/workspace/scratch/2530b218b415/work/sm34_tree/src/supermoon34/aerospace/design.py
DA:89,1
SF:/workspace/scratch/2530b218b415/work/sm34_tree/src/supermoon34/aerospace/design.py
DA:90,1
SF:/workspace/scratch/2530b218b415/work/sm34_tree/src/supermoon34/aerospace/design.py
DA:91,1
SF:/workspace/scratch/2530b218b415/work/sm34_tree/src/supermoon34/aerospace/design.py
DA:92,1
SF:/workspace/scratch/2530b218b415/work/sm34_tree/src/supermoon34/aerospace/design.py
DA:93,1
SF:/workspace/scratch/2530b218b415/work/sm34_tree/src/supermoon34/aerospace/design.py
DA:94,1
SF:/workspace/scratch/2530b218b415/work/sm34_tree/src/supermoon34/aerospace/design.py
DA:95,1
SF:/workspace/scratch/2530b218b415/work/sm34_tree/src/supermoon34/aerospace/design.py
DA:96,0
SF:/workspace/scratch/2530b218b415/work/sm34_tree/src/supermoon34/aerospace/design.py
DA:97,1
end_of_record
SF:/workspace/scratch/2530b218b415/work/sm34_tree/src/supermoon34/aerospace/digital_thread.py
DA:3,1
SF:/workspace/scratch/2530b218b415/work/sm34_tree/src/supermoon34/aerospace/digital_thread.py
DA:5,1
SF:/workspace/scratch/2530b218b415/work/sm34_tree/src/supermoon34/aerospace/digital_thread.py
DA:6,1
SF:/workspace/scratch/2530b218b415/work/sm34_tree/src/supermoon34/aerospace/digital_thread.py
DA:7,1
SF:/workspace/scratch/2530b218b415/work/sm34_tree/src/supermoon34/aerospace/digital_thread.py
DA:9,1
SF:/workspace/scratch/2530b218b415/work/sm34_tree/src/supermoon34/aerospace/digital_thread.py
DA:10,1
SF:/workspace/scratch/2530b218b415/work/sm34_tree/src/supermoon34/aerospace/digital_thread.py
DA:13,1
SF:/workspace/scratch/2530b218b415/work/sm34_tree/src/supermoon34/aerospace/digital_thread.py
DA:14,1
SF:/workspace/scratch/2530b218b415/work/sm34_tree/src/supermoon34/aerospace/digital_thread.py
DA:15,1
SF:/workspace/scratch/2530b218b415/work/sm34_tree/src/supermoon34/aerospace/digital_thread.py
DA:16,1
SF:/workspace/scratch/2530b218b415/work/sm34_tree/src/supermoon34/aerospace/digital_thread.py
DA:17,1
SF:/workspace/scratch/2530b218b415/work/sm34_tree/src/supermoon34/aerospace/digital_thread.py
DA:18,1
SF:/workspace/scratch/2530b218b415/work/sm34_tree/src/supermoon34/aerospace/digital_thread.py
DA:22,1
SF:/workspace/scratch/2530b218b415/work/sm34_tree/src/supermoon34/aerospace/digital_thread.py
DA:23,1
SF:/workspace/scratch/2530b218b415/work/sm34_tree/src/supermoon34/aerospace/digital_thread.py
DA:24,1
SF:/workspace/scratch/2530b218b415/work/sm34_tree/src/supermoon34/aerospace/digital_thread.py
DA:25,1
SF:/workspace/scratch/2530b218b415/work/sm34_tree/src/supermoon34/aerospace/digital_thread.py
DA:26,1
SF:/workspace/scratch/2530b218b415/work/sm34_tree/src/supermoon34/aerospace/digital_thread.py
DA:27,1
SF:/workspace/scratch/2530b218b415/work/sm34_tree/src/supermoon34/aerospace/digital_thread.py
DA:28,1
SF:/workspace/scratch/2530b218b415/work/sm34_tree/src/supermoon34/aerospace/digital_thread.py
DA:29,1
SF:/workspace/scratch/2530b218b415/work/sm34_tree/src/supermoon34/aerospace/digital_thread.py
DA:30,1
SF:/workspace/scratch/2530b218b415/work/sm34_tree/src/supermoon34/aerospace/digital_thread.py
DA:31,1
SF:/workspace/scratch/2530b218b415/work/sm34_tree/src/supermoon34/aerospace/digital_thread.py
DA:33,1
SF:/workspace/scratch/2530b218b415/work/sm34_tree/src/supermoon34/aerospace/digital_thread.py
DA:34,1
SF:/workspace/scratch/2530b218b415/work/sm34_tree/src/supermoon34/aerospace/digital_thread.py
DA:35,0
SF:/workspace/scratch/2530b218b415/work/sm34_tree/src/supermoon34/aerospace/digital_thread.py
DA:36,1
SF:/workspace/scratch/2530b218b415/work/sm34_tree/src/supermoon34/aerospace/digital_thread.py
DA:37,0
SF:/workspace/scratch/2530b218b415/work/sm34_tree/src/supermoon34/aerospace/digital_thread.py
DA:38,1
SF:/workspace/scratch/2530b218b415/work/sm34_tree/src/supermoon34/aerospace/digital_thread.py
DA:39,0
SF:/workspace/scratch/2530b218b415/work/sm34_tree/src/supermoon34/aerospace/digital_thread.py
DA:43,1
SF:/workspace/scratch/2530b218b415/work/sm34_tree/src/supermoon34/aerospace/digital_thread.py
DA:44,1
SF:/workspace/scratch/2530b218b415/work/sm34_tree/src/supermoon34/aerospace/digital_thread.py
DA:45,1
SF:/workspace/scratch/2530b218b415/work/sm34_tree/src/supermoon34/aerospace/digital_thread.py
DA:46,1
SF:/workspace/scratch/2530b218b415/work/sm34_tree/src/supermoon34/aerospace/digital_thread.py
DA:47,1
SF:/workspace/scratch/2530b218b415/work/sm34_tree/src/supermoon34/aerospace/digital_thread.py
DA:48,1
SF:/workspace/scratch/2530b218b415/work/sm34_tree/src/supermoon34/aerospace/digital_thread.py
DA:49,1
SF:/workspace/scratch/2530b218b415/work/sm34_tree/src/supermoon34/aerospace/digital_thread.py
DA:50,1
SF:/workspace/scratch/2530b218b415/work/sm34_tree/src/supermoon34/aerospace/digital_thread.py
DA:52,1
SF:/workspace/scratch/2530b218b415/work/sm34_tree/src/supermoon34/aerospace/digital_thread.py
DA:53,0
SF:/workspace/scratch/2530b218b415/work/sm34_tree/src/supermoon34/aerospace/digital_thread.py
DA:54,0
SF:/workspace/scratch/2530b218b415/work/sm34_tree/src/supermoon34/aerospace/digital_thread.py
DA:55,0
SF:/workspace/scratch/2530b218b415/work/sm34_tree/src/supermoon34/aerospace/digital_thread.py
DA:56,0
SF:/workspace/scratch/2530b218b415/work/sm34_tree/src/supermoon34/aerospace/digital_thread.py
DA:60,1
SF:/workspace/scratch/2530b218b415/work/sm34_tree/src/supermoon34/aerospace/digital_thread.py
DA:61,1
SF:/workspace/scratch/2530b218b415/work/sm34_tree/src/supermoon34/aerospace/digital_thread.py
DA:62,1
SF:/workspace/scratch/2530b218b415/work/sm34_tree/src/supermoon34/aerospace/digital_thread.py
DA:63,1
SF:/workspace/scratch/2530b218b415/work/sm34_tree/src/supermoon34/aerospace/digital_thread.py
DA:64,1
SF:/workspace/scratch/2530b218b415/work/sm34_tree/src/supermoon34/aerospace/digital_thread.py
DA:66,1
SF:/workspace/scratch/2530b218b415/work/sm34_tree/src/supermoon34/aerospace/digital_thread.py
DA:67,1
SF:/workspace/scratch/2530b218b415/work/sm34_tree/src/supermoon34/aerospace/digital_thread.py
DA:68,0
SF:/workspace/scratch/2530b218b415/work/sm34_tree/src/supermoon34/aerospace/digital_thread.py
DA:69,1
SF:/workspace/scratch/2530b218b415/work/sm34_tree/src/supermoon34/aerospace/digital_thread.py
DA:70,1
SF:/workspace/scratch/2530b218b415/work/sm34_tree/src/supermoon34/aerospace/digital_thread.py
DA:71,0
SF:/workspace/scratch/2530b218b415/work/sm34_tree/src/supermoon34/aerospace/digital_thread.py
DA:72,1
SF:/workspace/scratch/2530b218b415/work/sm34_tree/src/supermoon34/aerospace/digital_thread.py
DA:73,1
SF:/workspace/scratch/2530b218b415/work/sm34_tree/src/supermoon34/aerospace/digital_thread.py
DA:75,1
SF:/workspace/scratch/2530b218b415/work/sm34_tree/src/supermoon34/aerospace/digital_thread.py
DA:76,1
SF:/workspace/scratch/2530b218b415/work/sm34_tree/src/supermoon34/aerospace/digital_thread.py
DA:77,1
SF:/workspace/scratch/2530b218b415/work/sm34_tree/src/supermoon34/aerospace/digital_thread.py
DA:78,1
SF:/workspace/scratch/2530b218b415/work/sm34_tree/src/supermoon34/aerospace/digital_thread.py
DA:79,0
SF:/workspace/scratch/2530b218b415/work/sm34_tree/src/supermoon34/aerospace/digital_thread.py
DA:80,1
SF:/workspace/scratch/2530b218b415/work/sm34_tree/src/supermoon34/aerospace/digital_thread.py
DA:81,1
SF:/workspace/scratch/2530b218b415/work/sm34_tree/src/supermoon34/aerospace/digital_thread.py
DA:82,1
SF:/workspace/scratch/2530b218b415/work/sm34_tree/src/supermoon34/aerospace/digital_thread.py
DA:83,1
SF:/workspace/scratch/2530b218b415/work/sm34_tree/src/supermoon34/aerospace/digital_thread.py
DA:85,1
SF:/workspace/scratch/2530b218b415/work/sm34_tree/src/supermoon34/aerospace/digital_thread.py
DA:86,0
SF:/workspace/scratch/2530b218b415/work/sm34_tree/src/supermoon34/aerospace/digital_thread.py
DA:87,0
SF:/workspace/scratch/2530b218b415/work/sm34_tree/src/supermoon34/aerospace/digital_thread.py
DA:88,0
SF:/workspace/scratch/2530b218b415/work/sm34_tree/src/supermoon34/aerospace/digital_thread.py
DA:90,1
SF:/workspace/scratch/2530b218b415/work/sm34_tree/src/supermoon34/aerospace/digital_thread.py
DA:91,1
SF:/workspace/scratch/2530b218b415/work/sm34_tree/src/supermoon34/aerospace/digital_thread.py
DA:92,1
SF:/workspace/scratch/2530b218b415/work/sm34_tree/src/supermoon34/aerospace/digital_thread.py
DA:93,1
SF:/workspace/scratch/2530b218b415/work/sm34_tree/src/supermoon34/aerospace/digital_thread.py
DA:94,1
SF:/workspace/scratch/2530b218b415/work/sm34_tree/src/supermoon34/aerospace/digital_thread.py
DA:95,1
end_of_record
SF:/workspace/scratch/2530b218b415/work/sm34_tree/src/supermoon34/aerospace/flight.py
DA:3,1
SF:/workspace/scratch/2530b218b415/work/sm34_tree/src/supermoon34/aerospace/flight.py
DA:5,1
SF:/workspace/scratch/2530b218b415/work/sm34_tree/src/supermoon34/aerospace/flight.py
DA:6,1
SF:/workspace/scratch/2530b218b415/work/sm34_tree/src/supermoon34/aerospace/flight.py
DA:8,1
SF:/workspace/scratch/2530b218b415/work/sm34_tree/src/supermoon34/aerospace/flight.py
DA:9,1
SF:/workspace/scratch/2530b218b415/work/sm34_tree/src/supermoon34/aerospace/flight.py
DA:11,1
SF:/workspace/scratch/2530b218b415/work/sm34_tree/src/supermoon34/aerospace/flight.py
DA:15,1
SF:/workspace/scratch/2530b218b415/work/sm34_tree/src/supermoon34/aerospace/flight.py
DA:16,1
SF:/workspace/scratch/2530b218b415/work/sm34_tree/src/supermoon34/aerospace/flight.py
DA:17,1
SF:/workspace/scratch/2530b218b415/work/sm34_tree/src/supermoon34/aerospace/flight.py
DA:18,1
SF:/workspace/scratch/2530b218b415/work/sm34_tree/src/supermoon34/aerospace/flight.py
DA:19,1
SF:/workspace/scratch/2530b218b415/work/sm34_tree/src/supermoon34/aerospace/flight.py
DA:23,1
SF:/workspace/scratch/2530b218b415/work/sm34_tree/src/supermoon34/aerospace/flight.py
DA:24,1
SF:/workspace/scratch/2530b218b415/work/sm34_tree/src/supermoon34/aerospace/flight.py
DA:25,1
SF:/workspace/scratch/2530b218b415/work/sm34_tree/src/supermoon34/aerospace/flight.py
DA:26,1
SF:/workspace/scratch/2530b218b415/work/sm34_tree/src/supermoon34/aerospace/flight.py
DA:27,1
SF:/workspace/scratch/2530b218b415/work/sm34_tree/src/supermoon34/aerospace/flight.py
DA:30,1
SF:/workspace/scratch/2530b218b415/work/sm34_tree/src/supermoon34/aerospace/flight.py
DA:31,1
SF:/workspace/scratch/2530b218b415/work/sm34_tree/src/supermoon34/aerospace/flight.py
DA:32,1
SF:/workspace/scratch/2530b218b415/work/sm34_tree/src/supermoon34/aerospace/flight.py
DA:33,0
SF:/workspace/scratch/2530b218b415/work/sm34_tree/src/supermoon34/aerospace/flight.py
DA:34,1
SF:/workspace/scratch/2530b218b415/work/sm34_tree/src/supermoon34/aerospace/flight.py
DA:37,1
SF:/workspace/scratch/2530b218b415/work/sm34_tree/src/supermoon34/aerospace/flight.py
DA:38,1
SF:/workspace/scratch/2530b218b415/work/sm34_tree/src/supermoon34/aerospace/flight.py
DA:39,1
SF:/workspace/scratch/2530b218b415/work/sm34_tree/src/supermoon34/aerospace/flight.py
DA:40,1
SF:/workspace/scratch/2530b218b415/work/sm34_tree/src/supermoon34/aerospace/flight.py
DA:41,0
SF:/workspace/scratch/2530b218b415/work/sm34_tree/src/supermoon34/aerospace/flight.py
DA:42,1
SF:/workspace/scratch/2530b218b415/work/sm34_tree/src/supermoon34/aerospace/flight.py
DA:43,1
SF:/workspace/scratch/2530b218b415/work/sm34_tree/src/supermoon34/aerospace/flight.py
DA:51,1
SF:/workspace/scratch/2530b218b415/work/sm34_tree/src/supermoon34/aerospace/flight.py
DA:52,1
SF:/workspace/scratch/2530b218b415/work/sm34_tree/src/supermoon34/aerospace/flight.py
DA:53,1
SF:/workspace/scratch/2530b218b415/work/sm34_tree/src/supermoon34/aerospace/flight.py
DA:55,1
SF:/workspace/scratch/2530b218b415/work/sm34_tree/src/supermoon34/aerospace/flight.py
DA:56,1
SF:/workspace/scratch/2530b218b415/work/sm34_tree/src/supermoon34/aerospace/flight.py
DA:57,1
SF:/workspace/scratch/2530b218b415/work/sm34_tree/src/supermoon34/aerospace/flight.py
DA:58,0
SF:/workspace/scratch/2530b218b415/work/sm34_tree/src/supermoon34/aerospace/flight.py
DA:59,1
SF:/workspace/scratch/2530b218b415/work/sm34_tree/src/supermoon34/aerospace/flight.py
DA:60,0
SF:/workspace/scratch/2530b218b415/work/sm34_tree/src/supermoon34/aerospace/flight.py
DA:62,1
SF:/workspace/scratch/2530b218b415/work/sm34_tree/src/supermoon34/aerospace/flight.py
DA:63,1
SF:/workspace/scratch/2530b218b415/work/sm34_tree/src/supermoon34/aerospace/flight.py
DA:64,1
SF:/workspace/scratch/2530b218b415/work/sm34_tree/src/supermoon34/aerospace/flight.py
DA:65,1
SF:/workspace/scratch/2530b218b415/work/sm34_tree/src/supermoon34/aerospace/flight.py
DA:66,1
SF:/workspace/scratch/2530b218b415/work/sm34_tree/src/supermoon34/aerospace/flight.py
DA:67,1
SF:/workspace/scratch/2530b218b415/work/sm34_tree/src/supermoon34/aerospace/flight.py
DA:68,1
SF:/workspace/scratch/2530b218b415/work/sm34_tree/src/supermoon34/aerospace/flight.py
DA:69,1
SF:/workspace/scratch/2530b218b415/work/sm34_tree/src/supermoon34/aerospace/flight.py
DA:70,1
SF:/workspace/scratch/2530b218b415/work/sm34_tree/src/supermoon34/aerospace/flight.py
DA:71,1
SF:/workspace/scratch/2530b218b415/work/sm34_tree/src/supermoon34/aerospace/flight.py
DA:72,1
SF:/workspace/scratch/2530b218b415/work/sm34_tree/src/supermoon34/aerospace/flight.py
DA:73,1
SF:/workspace/scratch/2530b218b415/work/sm34_tree/src/supermoon34/aerospace/flight.py
DA:74,1
SF:/workspace/scratch/2530b218b415/work/sm34_tree/src/supermoon34/aerospace/flight.py
DA:75,1
SF:/workspace/scratch/2530b218b415/work/sm34_tree/src/supermoon34/aerospace/flight.py
DA:76,1
SF:/workspace/scratch/2530b218b415/work/sm34_tree/src/supermoon34/aerospace/flight.py
DA:77,1
SF:/workspace/scratch/2530b218b415/work/sm34_tree/src/supermoon34/aerospace/flight.py
DA:78,1
SF:/workspace/scratch/2530b218b415/work/sm34_tree/src/supermoon34/aerospace/flight.py
DA:81,1
SF:/workspace/scratch/2530b218b415/work/sm34_tree/src/supermoon34/aerospace/flight.py
DA:82,0
SF:/workspace/scratch/2530b218b415/work/sm34_tree/src/supermoon34/aerospace/flight.py
DA:83,0
SF:/workspace/scratch/2530b218b415/work/sm34_tree/src/supermoon34/aerospace/flight.py
DA:84,0
SF:/workspace/scratch/2530b218b415/work/sm34_tree/src/supermoon34/aerospace/flight.py
DA:85,0
SF:/workspace/scratch/2530b218b415/work/sm34_tree/src/supermoon34/aerospace/flight.py
DA:86,0
SF:/workspace/scratch/2530b218b415/work/sm34_tree/src/supermoon34/aerospace/flight.py
DA:87,0
SF:/workspace/scratch/2530b218b415/work/sm34_tree/src/supermoon34/aerospace/flight.py
DA:90,1
SF:/workspace/scratch/2530b218b415/work/sm34_tree/src/supermoon34/aerospace/flight.py
DA:91,1
SF:/workspace/scratch/2530b218b415/work/sm34_tree/src/supermoon34/aerospace/flight.py
DA:92,1
SF:/workspace/scratch/2530b218b415/work/sm34_tree/src/supermoon34/aerospace/flight.py
DA:93,0
SF:/workspace/scratch/2530b218b415/work/sm34_tree/src/supermoon34/aerospace/flight.py
DA:94,1
SF:/workspace/scratch/2530b218b415/work/sm34_tree/src/supermoon34/aerospace/flight.py
DA:95,1
end_of_record
SF:/workspace/scratch/2530b218b415/work/sm34_tree/src/supermoon34/aerospace/structures.py
DA:3,1
SF:/workspace/scratch/2530b218b415/work/sm34_tree/src/supermoon34/aerospace/structures.py
DA:5,1
SF:/workspace/scratch/2530b218b415/work/sm34_tree/src/supermoon34/aerospace/structures.py
DA:6,1
SF:/workspace/scratch/2530b218b415/work/sm34_tree/src/supermoon34/aerospace/structures.py
DA:7,1
SF:/workspace/scratch/2530b218b415/work/sm34_tree/src/supermoon34/aerospace/structures.py
DA:9,1
SF:/workspace/scratch/2530b218b415/work/sm34_tree/src/supermoon34/aerospace/structures.py
DA:13,1
SF:/workspace/scratch/2530b218b415/work/sm34_tree/src/supermoon34/aerospace/structures.py
DA:14,1
SF:/workspace/scratch/2530b218b415/work/sm34_tree/src/supermoon34/aerospace/structures.py
DA:15,1
SF:/workspace/scratch/2530b218b415/work/sm34_tree/src/supermoon34/aerospace/structures.py
DA:16,1
SF:/workspace/scratch/2530b218b415/work/sm34_tree/src/supermoon34/aerospace/structures.py
DA:17,1
SF:/workspace/scratch/2530b218b415/work/sm34_tree/src/supermoon34/aerospace/structures.py
DA:18,1
SF:/workspace/scratch/2530b218b415/work/sm34_tree/src/supermoon34/aerospace/structures.py
DA:22,1
SF:/workspace/scratch/2530b218b415/work/sm34_tree/src/supermoon34/aerospace/structures.py
DA:23,1
SF:/workspace/scratch/2530b218b415/work/sm34_tree/src/supermoon34/aerospace/structures.py
DA:24,1
SF:/workspace/scratch/2530b218b415/work/sm34_tree/src/supermoon34/aerospace/structures.py
DA:25,1
SF:/workspace/scratch/2530b218b415/work/sm34_tree/src/supermoon34/aerospace/structures.py
DA:26,1
SF:/workspace/scratch/2530b218b415/work/sm34_tree/src/supermoon34/aerospace/structures.py
DA:28,1
SF:/workspace/scratch/2530b218b415/work/sm34_tree/src/supermoon34/aerospace/structures.py
DA:29,1
SF:/workspace/scratch/2530b218b415/work/sm34_tree/src/supermoon34/aerospace/structures.py
DA:30,0
SF:/workspace/scratch/2530b218b415/work/sm34_tree/src/supermoon34/aerospace/structures.py
DA:33,1
SF:/workspace/scratch/2530b218b415/work/sm34_tree/src/supermoon34/aerospace/structures.py
DA:34,1
SF:/workspace/scratch/2530b218b415/work/sm34_tree/src/supermoon34/aerospace/structures.py
DA:35,0
SF:/workspace/scratch/2530b218b415/work/sm34_tree/src/supermoon34/aerospace/structures.py
DA:36,1
SF:/workspace/scratch/2530b218b415/work/sm34_tree/src/supermoon34/aerospace/structures.py
DA:38,1
SF:/workspace/scratch/2530b218b415/work/sm34_tree/src/supermoon34/aerospace/structures.py
DA:39,1
SF:/workspace/scratch/2530b218b415/work/sm34_tree/src/supermoon34/aerospace/structures.py
DA:40,0
SF:/workspace/scratch/2530b218b415/work/sm34_tree/src/supermoon34/aerospace/structures.py
DA:41,1
SF:/workspace/scratch/2530b218b415/work/sm34_tree/src/supermoon34/aerospace/structures.py
DA:42,1
SF:/workspace/scratch/2530b218b415/work/sm34_tree/src/supermoon34/aerospace/structures.py
DA:43,1
SF:/workspace/scratch/2530b218b415/work/sm34_tree/src/supermoon34/aerospace/structures.py
DA:45,1
SF:/workspace/scratch/2530b218b415/work/sm34_tree/src/supermoon34/aerospace/structures.py
DA:46,0
SF:/workspace/scratch/2530b218b415/work/sm34_tree/src/supermoon34/aerospace/structures.py
DA:47,0
SF:/workspace/scratch/2530b218b415/work/sm34_tree/src/supermoon34/aerospace/structures.py
DA:48,0
SF:/workspace/scratch/2530b218b415/work/sm34_tree/src/supermoon34/aerospace/structures.py
DA:51,1
SF:/workspace/scratch/2530b218b415/work/sm34_tree/src/supermoon34/aerospace/structures.py
DA:52,1
SF:/workspace/scratch/2530b218b415/work/sm34_tree/src/supermoon34/aerospace/structures.py
DA:53,1
SF:/workspace/scratch/2530b218b415/work/sm34_tree/src/supermoon34/aerospace/structures.py
DA:54,1
SF:/workspace/scratch/2530b218b415/work/sm34_tree/src/supermoon34/aerospace/structures.py
DA:55,1
SF:/workspace/scratch/2530b218b415/work/sm34_tree/src/supermoon34/aerospace/structures.py
DA:56,0
SF:/workspace/scratch/2530b218b415/work/sm34_tree/src/supermoon34/aerospace/structures.py
DA:57,1
SF:/workspace/scratch/2530b218b415/work/sm34_tree/src/supermoon34/aerospace/structures.py
DA:58,1
SF:/workspace/scratch/2530b218b415/work/sm34_tree/src/supermoon34/aerospace/structures.py
DA:59,1
SF:/workspace/scratch/2530b218b415/work/sm34_tree/src/supermoon34/aerospace/structures.py
DA:60,0
SF:/workspace/scratch/2530b218b415/work/sm34_tree/src/supermoon34/aerospace/structures.py
DA:61,1
SF:/workspace/scratch/2530b218b415/work/sm34_tree/src/supermoon34/aerospace/structures.py
DA:64,1
SF:/workspace/scratch/2530b218b415/work/sm34_tree/src/supermoon34/aerospace/structures.py
DA:65,0
SF:/workspace/scratch/2530b218b415/work/sm34_tree/src/supermoon34/aerospace/structures.py
DA:66,0
SF:/workspace/scratch/2530b218b415/work/sm34_tree/src/supermoon34/aerospace/structures.py
DA:67,0
end_of_record
SF:/workspace/scratch/2530b218b415/work/sm34_tree/src/supermoon34/aerospace/systems.py
DA:3,1
SF:/workspace/scratch/2530b218b415/work/sm34_tree/src/supermoon34/aerospace/systems.py
DA:5,1
SF:/workspace/scratch/2530b218b415/work/sm34_tree/src/supermoon34/aerospace/systems.py
DA:6,1
SF:/workspace/scratch/2530b218b415/work/sm34_tree/src/supermoon34/aerospace/systems.py
DA:7,1
SF:/workspace/scratch/2530b218b415/work/sm34_tree/src/supermoon34/aerospace/systems.py
DA:9,1
SF:/workspace/scratch/2530b218b415/work/sm34_tree/src/supermoon34/aerospace/systems.py
DA:13,1
SF:/workspace/scratch/2530b218b415/work/sm34_tree/src/supermoon34/aerospace/systems.py
DA:14,1
SF:/workspace/scratch/2530b218b415/work/sm34_tree/src/supermoon34/aerospace/systems.py
DA:15,1
SF:/workspace/scratch/2530b218b415/work/sm34_tree/src/supermoon34/aerospace/systems.py
DA:16,1
SF:/workspace/scratch/2530b218b415/work/sm34_tree/src/supermoon34/aerospace/systems.py
DA:17,1
SF:/workspace/scratch/2530b218b415/work/sm34_tree/src/supermoon34/aerospace/systems.py
DA:19,1
SF:/workspace/scratch/2530b218b415/work/sm34_tree/src/supermoon34/aerospace/systems.py
DA:20,1
SF:/workspace/scratch/2530b218b415/work/sm34_tree/src/supermoon34/aerospace/systems.py
DA:21,0
SF:/workspace/scratch/2530b218b415/work/sm34_tree/src/supermoon34/aerospace/systems.py
DA:24,1
SF:/workspace/scratch/2530b218b415/work/sm34_tree/src/supermoon34/aerospace/systems.py
DA:25,1
SF:/workspace/scratch/2530b218b415/work/sm34_tree/src/supermoon34/aerospace/systems.py
DA:29,1
SF:/workspace/scratch/2530b218b415/work/sm34_tree/src/supermoon34/aerospace/systems.py
DA:30,1
SF:/workspace/scratch/2530b218b415/work/sm34_tree/src/supermoon34/aerospace/systems.py
DA:31,1
SF:/workspace/scratch/2530b218b415/work/sm34_tree/src/supermoon34/aerospace/systems.py
DA:32,1
SF:/workspace/scratch/2530b218b415/work/sm34_tree/src/supermoon34/aerospace/systems.py
DA:33,1
SF:/workspace/scratch/2530b218b415/work/sm34_tree/src/supermoon34/aerospace/systems.py
DA:34,1
SF:/workspace/scratch/2530b218b415/work/sm34_tree/src/supermoon34/aerospace/systems.py
DA:38,1
SF:/workspace/scratch/2530b218b415/work/sm34_tree/src/supermoon34/aerospace/systems.py
DA:39,1
SF:/workspace/scratch/2530b218b415/work/sm34_tree/src/supermoon34/aerospace/systems.py
DA:40,1
SF:/workspace/scratch/2530b218b415/work/sm34_tree/src/supermoon34/aerospace/systems.py
DA:41,1
SF:/workspace/scratch/2530b218b415/work/sm34_tree/src/supermoon34/aerospace/systems.py
DA:43,1
SF:/workspace/scratch/2530b218b415/work/sm34_tree/src/supermoon34/aerospace/systems.py
DA:44,1
SF:/workspace/scratch/2530b218b415/work/sm34_tree/src/supermoon34/aerospace/systems.py
DA:45,0
SF:/workspace/scratch/2530b218b415/work/sm34_tree/src/supermoon34/aerospace/systems.py
DA:46,1
SF:/workspace/scratch/2530b218b415/work/sm34_tree/src/supermoon34/aerospace/systems.py
DA:48,1
SF:/workspace/scratch/2530b218b415/work/sm34_tree/src/supermoon34/aerospace/systems.py
DA:49,1
SF:/workspace/scratch/2530b218b415/work/sm34_tree/src/supermoon34/aerospace/systems.py
DA:50,0
SF:/workspace/scratch/2530b218b415/work/sm34_tree/src/supermoon34/aerospace/systems.py
DA:51,1
SF:/workspace/scratch/2530b218b415/work/sm34_tree/src/supermoon34/aerospace/systems.py
DA:52,1
SF:/workspace/scratch/2530b218b415/work/sm34_tree/src/supermoon34/aerospace/systems.py
DA:53,0
SF:/workspace/scratch/2530b218b415/work/sm34_tree/src/supermoon34/aerospace/systems.py
DA:54,1
SF:/workspace/scratch/2530b218b415/work/sm34_tree/src/supermoon34/aerospace/systems.py
DA:56,1
SF:/workspace/scratch/2530b218b415/work/sm34_tree/src/supermoon34/aerospace/systems.py
DA:57,1
SF:/workspace/scratch/2530b218b415/work/sm34_tree/src/supermoon34/aerospace/systems.py
DA:58,1
SF:/workspace/scratch/2530b218b415/work/sm34_tree/src/supermoon34/aerospace/systems.py
DA:59,1
SF:/workspace/scratch/2530b218b415/work/sm34_tree/src/supermoon34/aerospace/systems.py
DA:60,1
SF:/workspace/scratch/2530b218b415/work/sm34_tree/src/supermoon34/aerospace/systems.py
DA:61,1
SF:/workspace/scratch/2530b218b415/work/sm34_tree/src/supermoon34/aerospace/systems.py
DA:62,1
SF:/workspace/scratch/2530b218b415/work/sm34_tree/src/supermoon34/aerospace/systems.py
DA:64,1
SF:/workspace/scratch/2530b218b415/work/sm34_tree/src/supermoon34/aerospace/systems.py
DA:65,1
SF:/workspace/scratch/2530b218b415/work/sm34_tree/src/supermoon34/aerospace/systems.py
DA:66,0
SF:/workspace/scratch/2530b218b415/work/sm34_tree/src/supermoon34/aerospace/systems.py
DA:67,1
SF:/workspace/scratch/2530b218b415/work/sm34_tree/src/supermoon34/aerospace/systems.py
DA:69,1
SF:/workspace/scratch/2530b218b415/work/sm34_tree/src/supermoon34/aerospace/systems.py
DA:70,1
SF:/workspace/scratch/2530b218b415/work/sm34_tree/src/supermoon34/aerospace/systems.py
DA:71,0
SF:/workspace/scratch/2530b218b415/work/sm34_tree/src/supermoon34/aerospace/systems.py
DA:72,1
SF:/workspace/scratch/2530b218b415/work/sm34_tree/src/supermoon34/aerospace/systems.py
DA:73,1
SF:/workspace/scratch/2530b218b415/work/sm34_tree/src/supermoon34/aerospace/systems.py
DA:75,1
SF:/workspace/scratch/2530b218b415/work/sm34_tree/src/supermoon34/aerospace/systems.py
DA:76,0
end_of_record
SF:/workspace/scratch/2530b218b415/work/sm34_tree/src/supermoon34/backends.py
DA:3,1
SF:/workspace/scratch/2530b218b415/work/sm34_tree/src/supermoon34/backends.py
DA:5,1
SF:/workspace/scratch/2530b218b415/work/sm34_tree/src/supermoon34/backends.py
DA:6,1
SF:/workspace/scratch/2530b218b415/work/sm34_tree/src/supermoon34/backends.py
DA:7,1
SF:/workspace/scratch/2530b218b415/work/sm34_tree/src/supermoon34/backends.py
DA:9,1
SF:/workspace/scratch/2530b218b415/work/sm34_tree/src/supermoon34/backends.py
DA:10,1
SF:/workspace/scratch/2530b218b415/work/sm34_tree/src/supermoon34/backends.py
DA:11,1
SF:/workspace/scratch/2530b218b415/work/sm34_tree/src/supermoon34/backends.py
DA:12,1
SF:/workspace/scratch/2530b218b415/work/sm34_tree/src/supermoon34/backends.py
DA:13,1
SF:/workspace/scratch/2530b218b415/work/sm34_tree/src/supermoon34/backends.py
DA:14,1
SF:/workspace/scratch/2530b218b415/work/sm34_tree/src/supermoon34/backends.py
DA:17,1
SF:/workspace/scratch/2530b218b415/work/sm34_tree/src/supermoon34/backends.py
DA:18,1
SF:/workspace/scratch/2530b218b415/work/sm34_tree/src/supermoon34/backends.py
DA:26,1
SF:/workspace/scratch/2530b218b415/work/sm34_tree/src/supermoon34/backends.py
DA:33,1
SF:/workspace/scratch/2530b218b415/work/sm34_tree/src/supermoon34/backends.py
DA:34,1
SF:/workspace/scratch/2530b218b415/work/sm34_tree/src/supermoon34/backends.py
DA:35,1
end_of_record
SF:/workspace/scratch/2530b218b415/work/sm34_tree/src/supermoon34/cad.py
DA:3,1
SF:/workspace/scratch/2530b218b415/work/sm34_tree/src/supermoon34/cad.py
DA:5,1
SF:/workspace/scratch/2530b218b415/work/sm34_tree/src/supermoon34/cad.py
DA:6,1
SF:/workspace/scratch/2530b218b415/work/sm34_tree/src/supermoon34/cad.py
DA:7,1
SF:/workspace/scratch/2530b218b415/work/sm34_tree/src/supermoon34/cad.py
DA:8,1
SF:/workspace/scratch/2530b218b415/work/sm34_tree/src/supermoon34/cad.py
DA:9,1
SF:/workspace/scratch/2530b218b415/work/sm34_tree/src/supermoon34/cad.py
DA:11,1
SF:/workspace/scratch/2530b218b415/work/sm34_tree/src/supermoon34/cad.py
DA:12,1
SF:/workspace/scratch/2530b218b415/work/sm34_tree/src/supermoon34/cad.py
DA:13,1
SF:/workspace/scratch/2530b218b415/work/sm34_tree/src/supermoon34/cad.py
DA:17,1
SF:/workspace/scratch/2530b218b415/work/sm34_tree/src/supermoon34/cad.py
DA:18,1
SF:/workspace/scratch/2530b218b415/work/sm34_tree/src/supermoon34/cad.py
DA:19,1
SF:/workspace/scratch/2530b218b415/work/sm34_tree/src/supermoon34/cad.py
DA:20,1
SF:/workspace/scratch/2530b218b415/work/sm34_tree/src/supermoon34/cad.py
DA:21,1
SF:/workspace/scratch/2530b218b415/work/sm34_tree/src/supermoon34/cad.py
DA:22,1
SF:/workspace/scratch/2530b218b415/work/sm34_tree/src/supermoon34/cad.py
DA:23,1
SF:/workspace/scratch/2530b218b415/work/sm34_tree/src/supermoon34/cad.py
DA:24,1
SF:/workspace/scratch/2530b218b415/work/sm34_tree/src/supermoon34/cad.py
DA:25,1
SF:/workspace/scratch/2530b218b415/work/sm34_tree/src/supermoon34/cad.py
DA:26,1
SF:/workspace/scratch/2530b218b415/work/sm34_tree/src/supermoon34/cad.py
DA:27,1
SF:/workspace/scratch/2530b218b415/work/sm34_tree/src/supermoon34/cad.py
DA:28,1
SF:/workspace/scratch/2530b218b415/work/sm34_tree/src/supermoon34/cad.py
DA:31,1
SF:/workspace/scratch/2530b218b415/work/sm34_tree/src/supermoon34/cad.py
DA:32,1
SF:/workspace/scratch/2530b218b415/work/sm34_tree/src/supermoon34/cad.py
DA:33,1
SF:/workspace/scratch/2530b218b415/work/sm34_tree/src/supermoon34/cad.py
DA:34,1
SF:/workspace/scratch/2530b218b415/work/sm34_tree/src/supermoon34/cad.py
DA:35,1
SF:/workspace/scratch/2530b218b415/work/sm34_tree/src/supermoon34/cad.py
DA:36,1
SF:/workspace/scratch/2530b218b415/work/sm34_tree/src/supermoon34/cad.py
DA:38,1
SF:/workspace/scratch/2530b218b415/work/sm34_tree/src/supermoon34/cad.py
DA:39,1
SF:/workspace/scratch/2530b218b415/work/sm34_tree/src/supermoon34/cad.py
DA:42,1
SF:/workspace/scratch/2530b218b415/work/sm34_tree/src/supermoon34/cad.py
DA:43,1
SF:/workspace/scratch/2530b218b415/work/sm34_tree/src/supermoon34/cad.py
DA:44,1
SF:/workspace/scratch/2530b218b415/work/sm34_tree/src/supermoon34/cad.py
DA:46,1
SF:/workspace/scratch/2530b218b415/work/sm34_tree/src/supermoon34/cad.py
DA:47,1
SF:/workspace/scratch/2530b218b415/work/sm34_tree/src/supermoon34/cad.py
DA:48,1
SF:/workspace/scratch/2530b218b415/work/sm34_tree/src/supermoon34/cad.py
DA:49,1
SF:/workspace/scratch/2530b218b415/work/sm34_tree/src/supermoon34/cad.py
DA:50,0
SF:/workspace/scratch/2530b218b415/work/sm34_tree/src/supermoon34/cad.py
DA:51,0
SF:/workspace/scratch/2530b218b415/work/sm34_tree/src/supermoon34/cad.py
DA:52,0
SF:/workspace/scratch/2530b218b415/work/sm34_tree/src/supermoon34/cad.py
DA:53,0
SF:/workspace/scratch/2530b218b415/work/sm34_tree/src/supermoon34/cad.py
DA:54,0
SF:/workspace/scratch/2530b218b415/work/sm34_tree/src/supermoon34/cad.py
DA:56,0
SF:/workspace/scratch/2530b218b415/work/sm34_tree/src/supermoon34/cad.py
DA:58,0
SF:/workspace/scratch/2530b218b415/work/sm34_tree/src/supermoon34/cad.py
DA:59,0
SF:/workspace/scratch/2530b218b415/work/sm34_tree/src/supermoon34/cad.py
DA:60,0
SF:/workspace/scratch/2530b218b415/work/sm34_tree/src/supermoon34/cad.py
DA:61,0
SF:/workspace/scratch/2530b218b415/work/sm34_tree/src/supermoon34/cad.py
DA:62,0
SF:/workspace/scratch/2530b218b415/work/sm34_tree/src/supermoon34/cad.py
DA:63,0
SF:/workspace/scratch/2530b218b415/work/sm34_tree/src/supermoon34/cad.py
DA:64,0
SF:/workspace/scratch/2530b218b415/work/sm34_tree/src/supermoon34/cad.py
DA:65,0
SF:/workspace/scratch/2530b218b415/work/sm34_tree/src/supermoon34/cad.py
DA:66,0
SF:/workspace/scratch/2530b218b415/work/sm34_tree/src/supermoon34/cad.py
DA:67,0
SF:/workspace/scratch/2530b218b415/work/sm34_tree/src/supermoon34/cad.py
DA:68,0
SF:/workspace/scratch/2530b218b415/work/sm34_tree/src/supermoon34/cad.py
DA:69,0
SF:/workspace/scratch/2530b218b415/work/sm34_tree/src/supermoon34/cad.py
DA:70,0
SF:/workspace/scratch/2530b218b415/work/sm34_tree/src/supermoon34/cad.py
DA:71,0
SF:/workspace/scratch/2530b218b415/work/sm34_tree/src/supermoon34/cad.py
DA:72,0
SF:/workspace/scratch/2530b218b415/work/sm34_tree/src/supermoon34/cad.py
DA:73,0
SF:/workspace/scratch/2530b218b415/work/sm34_tree/src/supermoon34/cad.py
DA:74,0
SF:/workspace/scratch/2530b218b415/work/sm34_tree/src/supermoon34/cad.py
DA:75,0
SF:/workspace/scratch/2530b218b415/work/sm34_tree/src/supermoon34/cad.py
DA:76,0
SF:/workspace/scratch/2530b218b415/work/sm34_tree/src/supermoon34/cad.py
DA:78,0
SF:/workspace/scratch/2530b218b415/work/sm34_tree/src/supermoon34/cad.py
DA:79,0
SF:/workspace/scratch/2530b218b415/work/sm34_tree/src/supermoon34/cad.py
DA:80,0
SF:/workspace/scratch/2530b218b415/work/sm34_tree/src/supermoon34/cad.py
DA:81,0
SF:/workspace/scratch/2530b218b415/work/sm34_tree/src/supermoon34/cad.py
DA:82,0
SF:/workspace/scratch/2530b218b415/work/sm34_tree/src/supermoon34/cad.py
DA:83,0
end_of_record
SF:/workspace/scratch/2530b218b415/work/sm34_tree/src/supermoon34/capabilities.py
DA:3,1
SF:/workspace/scratch/2530b218b415/work/sm34_tree/src/supermoon34/capabilities.py
DA:5,1
SF:/workspace/scratch/2530b218b415/work/sm34_tree/src/supermoon34/capabilities.py
DA:7,1
SF:/workspace/scratch/2530b218b415/work/sm34_tree/src/supermoon34/capabilities.py
DA:11,1
SF:/workspace/scratch/2530b218b415/work/sm34_tree/src/supermoon34/capabilities.py
DA:12,1
SF:/workspace/scratch/2530b218b415/work/sm34_tree/src/supermoon34/capabilities.py
DA:13,1
SF:/workspace/scratch/2530b218b415/work/sm34_tree/src/supermoon34/capabilities.py
DA:14,1
SF:/workspace/scratch/2530b218b415/work/sm34_tree/src/supermoon34/capabilities.py
DA:15,1
SF:/workspace/scratch/2530b218b415/work/sm34_tree/src/supermoon34/capabilities.py
DA:16,1
SF:/workspace/scratch/2530b218b415/work/sm34_tree/src/supermoon34/capabilities.py
DA:17,1
SF:/workspace/scratch/2530b218b415/work/sm34_tree/src/supermoon34/capabilities.py
DA:20,1
SF:/workspace/scratch/2530b218b415/work/sm34_tree/src/supermoon34/capabilities.py
DA:39,1
SF:/workspace/scratch/2530b218b415/work/sm34_tree/src/supermoon34/capabilities.py
DA:41,1
SF:/workspace/scratch/2530b218b415/work/sm34_tree/src/supermoon34/capabilities.py
DA:52,1
SF:/workspace/scratch/2530b218b415/work/sm34_tree/src/supermoon34/capabilities.py
DA:64,1
SF:/workspace/scratch/2530b218b415/work/sm34_tree/src/supermoon34/capabilities.py
DA:65,1
SF:/workspace/scratch/2530b218b415/work/sm34_tree/src/supermoon34/capabilities.py
DA:66,0
SF:/workspace/scratch/2530b218b415/work/sm34_tree/src/supermoon34/capabilities.py
DA:67,1
SF:/workspace/scratch/2530b218b415/work/sm34_tree/src/supermoon34/capabilities.py
DA:68,0
SF:/workspace/scratch/2530b218b415/work/sm34_tree/src/supermoon34/capabilities.py
DA:69,1
SF:/workspace/scratch/2530b218b415/work/sm34_tree/src/supermoon34/capabilities.py
DA:70,0
SF:/workspace/scratch/2530b218b415/work/sm34_tree/src/supermoon34/capabilities.py
DA:71,1
end_of_record
SF:/workspace/scratch/2530b218b415/work/sm34_tree/src/supermoon34/cfd.py
DA:3,1
SF:/workspace/scratch/2530b218b415/work/sm34_tree/src/supermoon34/cfd.py
DA:5,1
SF:/workspace/scratch/2530b218b415/work/sm34_tree/src/supermoon34/cfd.py
DA:6,1
SF:/workspace/scratch/2530b218b415/work/sm34_tree/src/supermoon34/cfd.py
DA:7,1
SF:/workspace/scratch/2530b218b415/work/sm34_tree/src/supermoon34/cfd.py
DA:8,1
SF:/workspace/scratch/2530b218b415/work/sm34_tree/src/supermoon34/cfd.py
DA:9,1
SF:/workspace/scratch/2530b218b415/work/sm34_tree/src/supermoon34/cfd.py
DA:10,1
SF:/workspace/scratch/2530b218b415/work/sm34_tree/src/supermoon34/cfd.py
DA:12,1
SF:/workspace/scratch/2530b218b415/work/sm34_tree/src/supermoon34/cfd.py
DA:14,1
SF:/workspace/scratch/2530b218b415/work/sm34_tree/src/supermoon34/cfd.py
DA:15,1
SF:/workspace/scratch/2530b218b415/work/sm34_tree/src/supermoon34/cfd.py
DA:16,1
SF:/workspace/scratch/2530b218b415/work/sm34_tree/src/supermoon34/cfd.py
DA:18,1
SF:/workspace/scratch/2530b218b415/work/sm34_tree/src/supermoon34/cfd.py
DA:19,1
SF:/workspace/scratch/2530b218b415/work/sm34_tree/src/supermoon34/cfd.py
DA:20,1
SF:/workspace/scratch/2530b218b415/work/sm34_tree/src/supermoon34/cfd.py
DA:24,1
SF:/workspace/scratch/2530b218b415/work/sm34_tree/src/supermoon34/cfd.py
DA:25,1
SF:/workspace/scratch/2530b218b415/work/sm34_tree/src/supermoon34/cfd.py
DA:26,1
SF:/workspace/scratch/2530b218b415/work/sm34_tree/src/supermoon34/cfd.py
DA:27,1
SF:/workspace/scratch/2530b218b415/work/sm34_tree/src/supermoon34/cfd.py
DA:28,1
SF:/workspace/scratch/2530b218b415/work/sm34_tree/src/supermoon34/cfd.py
DA:29,1
SF:/workspace/scratch/2530b218b415/work/sm34_tree/src/supermoon34/cfd.py
DA:33,1
SF:/workspace/scratch/2530b218b415/work/sm34_tree/src/supermoon34/cfd.py
DA:34,1
SF:/workspace/scratch/2530b218b415/work/sm34_tree/src/supermoon34/cfd.py
DA:35,1
SF:/workspace/scratch/2530b218b415/work/sm34_tree/src/supermoon34/cfd.py
DA:36,1
SF:/workspace/scratch/2530b218b415/work/sm34_tree/src/supermoon34/cfd.py
DA:37,1
SF:/workspace/scratch/2530b218b415/work/sm34_tree/src/supermoon34/cfd.py
DA:40,1
SF:/workspace/scratch/2530b218b415/work/sm34_tree/src/supermoon34/cfd.py
DA:41,0
SF:/workspace/scratch/2530b218b415/work/sm34_tree/src/supermoon34/cfd.py
DA:42,0
SF:/workspace/scratch/2530b218b415/work/sm34_tree/src/supermoon34/cfd.py
DA:43,0
SF:/workspace/scratch/2530b218b415/work/sm34_tree/src/supermoon34/cfd.py
DA:44,0
SF:/workspace/scratch/2530b218b415/work/sm34_tree/src/supermoon34/cfd.py
DA:45,0
SF:/workspace/scratch/2530b218b415/work/sm34_tree/src/supermoon34/cfd.py
DA:46,0
SF:/workspace/scratch/2530b218b415/work/sm34_tree/src/supermoon34/cfd.py
DA:47,0
SF:/workspace/scratch/2530b218b415/work/sm34_tree/src/supermoon34/cfd.py
DA:48,0
SF:/workspace/scratch/2530b218b415/work/sm34_tree/src/supermoon34/cfd.py
DA:49,0
SF:/workspace/scratch/2530b218b415/work/sm34_tree/src/supermoon34/cfd.py
DA:52,1
SF:/workspace/scratch/2530b218b415/work/sm34_tree/src/supermoon34/cfd.py
DA:53,1
SF:/workspace/scratch/2530b218b415/work/sm34_tree/src/supermoon34/cfd.py
DA:54,1
SF:/workspace/scratch/2530b218b415/work/sm34_tree/src/supermoon34/cfd.py
DA:57,1
SF:/workspace/scratch/2530b218b415/work/sm34_tree/src/supermoon34/cfd.py
DA:58,1
SF:/workspace/scratch/2530b218b415/work/sm34_tree/src/supermoon34/cfd.py
DA:59,1
SF:/workspace/scratch/2530b218b415/work/sm34_tree/src/supermoon34/cfd.py
DA:62,1
SF:/workspace/scratch/2530b218b415/work/sm34_tree/src/supermoon34/cfd.py
DA:63,1
SF:/workspace/scratch/2530b218b415/work/sm34_tree/src/supermoon34/cfd.py
DA:64,1
SF:/workspace/scratch/2530b218b415/work/sm34_tree/src/supermoon34/cfd.py
DA:65,1
SF:/workspace/scratch/2530b218b415/work/sm34_tree/src/supermoon34/cfd.py
DA:66,1
SF:/workspace/scratch/2530b218b415/work/sm34_tree/src/supermoon34/cfd.py
DA:69,1
SF:/workspace/scratch/2530b218b415/work/sm34_tree/src/supermoon34/cfd.py
DA:70,1
SF:/workspace/scratch/2530b218b415/work/sm34_tree/src/supermoon34/cfd.py
DA:71,0
SF:/workspace/scratch/2530b218b415/work/sm34_tree/src/supermoon34/cfd.py
DA:73,1
SF:/workspace/scratch/2530b218b415/work/sm34_tree/src/supermoon34/cfd.py
DA:74,0
SF:/workspace/scratch/2530b218b415/work/sm34_tree/src/supermoon34/cfd.py
DA:75,0
SF:/workspace/scratch/2530b218b415/work/sm34_tree/src/supermoon34/cfd.py
DA:76,0
SF:/workspace/scratch/2530b218b415/work/sm34_tree/src/supermoon34/cfd.py
DA:77,0
SF:/workspace/scratch/2530b218b415/work/sm34_tree/src/supermoon34/cfd.py
DA:78,0
SF:/workspace/scratch/2530b218b415/work/sm34_tree/src/supermoon34/cfd.py
DA:79,0
SF:/workspace/scratch/2530b218b415/work/sm34_tree/src/supermoon34/cfd.py
DA:80,0
SF:/workspace/scratch/2530b218b415/work/sm34_tree/src/supermoon34/cfd.py
DA:81,0
SF:/workspace/scratch/2530b218b415/work/sm34_tree/src/supermoon34/cfd.py
DA:82,0
SF:/workspace/scratch/2530b218b415/work/sm34_tree/src/supermoon34/cfd.py
DA:83,0
SF:/workspace/scratch/2530b218b415/work/sm34_tree/src/supermoon34/cfd.py
DA:86,1
SF:/workspace/scratch/2530b218b415/work/sm34_tree/src/supermoon34/cfd.py
DA:87,1
SF:/workspace/scratch/2530b218b415/work/sm34_tree/src/supermoon34/cfd.py
DA:88,0
SF:/workspace/scratch/2530b218b415/work/sm34_tree/src/supermoon34/cfd.py
DA:90,1
SF:/workspace/scratch/2530b218b415/work/sm34_tree/src/supermoon34/cfd.py
DA:91,0
SF:/workspace/scratch/2530b218b415/work/sm34_tree/src/supermoon34/cfd.py
DA:92,0
SF:/workspace/scratch/2530b218b415/work/sm34_tree/src/supermoon34/cfd.py
DA:93,0
SF:/workspace/scratch/2530b218b415/work/sm34_tree/src/supermoon34/cfd.py
DA:94,0
SF:/workspace/scratch/2530b218b415/work/sm34_tree/src/supermoon34/cfd.py
DA:95,0
SF:/workspace/scratch/2530b218b415/work/sm34_tree/src/supermoon34/cfd.py
DA:96,0
SF:/workspace/scratch/2530b218b415/work/sm34_tree/src/supermoon34/cfd.py
DA:97,0
SF:/workspace/scratch/2530b218b415/work/sm34_tree/src/supermoon34/cfd.py
DA:98,0
SF:/workspace/scratch/2530b218b415/work/sm34_tree/src/supermoon34/cfd.py
DA:99,0
SF:/workspace/scratch/2530b218b415/work/sm34_tree/src/supermoon34/cfd.py
DA:101,0
SF:/workspace/scratch/2530b218b415/work/sm34_tree/src/supermoon34/cfd.py
DA:102,0
SF:/workspace/scratch/2530b218b415/work/sm34_tree/src/supermoon34/cfd.py
DA:103,0
SF:/workspace/scratch/2530b218b415/work/sm34_tree/src/supermoon34/cfd.py
DA:106,1
SF:/workspace/scratch/2530b218b415/work/sm34_tree/src/supermoon34/cfd.py
DA:114,1
SF:/workspace/scratch/2530b218b415/work/sm34_tree/src/supermoon34/cfd.py
DA:115,1
SF:/workspace/scratch/2530b218b415/work/sm34_tree/src/supermoon34/cfd.py
DA:116,0
SF:/workspace/scratch/2530b218b415/work/sm34_tree/src/supermoon34/cfd.py
DA:117,1
SF:/workspace/scratch/2530b218b415/work/sm34_tree/src/supermoon34/cfd.py
DA:118,1
SF:/workspace/scratch/2530b218b415/work/sm34_tree/src/supermoon34/cfd.py
DA:119,1
SF:/workspace/scratch/2530b218b415/work/sm34_tree/src/supermoon34/cfd.py
DA:120,1
end_of_record
SF:/workspace/scratch/2530b218b415/work/sm34_tree/src/supermoon34/cli.py
DA:3,0
SF:/workspace/scratch/2530b218b415/work/sm34_tree/src/supermoon34/cli.py
DA:5,0
SF:/workspace/scratch/2530b218b415/work/sm34_tree/src/supermoon34/cli.py
DA:6,0
SF:/workspace/scratch/2530b218b415/work/sm34_tree/src/supermoon34/cli.py
DA:7,0
SF:/workspace/scratch/2530b218b415/work/sm34_tree/src/supermoon34/cli.py
DA:8,0
SF:/workspace/scratch/2530b218b415/work/sm34_tree/src/supermoon34/cli.py
DA:9,0
SF:/workspace/scratch/2530b218b415/work/sm34_tree/src/supermoon34/cli.py
DA:11,0
SF:/workspace/scratch/2530b218b415/work/sm34_tree/src/supermoon34/cli.py
DA:12,0
SF:/workspace/scratch/2530b218b415/work/sm34_tree/src/supermoon34/cli.py
DA:13,0
SF:/workspace/scratch/2530b218b415/work/sm34_tree/src/supermoon34/cli.py
DA:14,0
SF:/workspace/scratch/2530b218b415/work/sm34_tree/src/supermoon34/cli.py
DA:15,0
SF:/workspace/scratch/2530b218b415/work/sm34_tree/src/supermoon34/cli.py
DA:16,0
SF:/workspace/scratch/2530b218b415/work/sm34_tree/src/supermoon34/cli.py
DA:19,0
SF:/workspace/scratch/2530b218b415/work/sm34_tree/src/supermoon34/cli.py
DA:20,0
SF:/workspace/scratch/2530b218b415/work/sm34_tree/src/supermoon34/cli.py
DA:21,0
SF:/workspace/scratch/2530b218b415/work/sm34_tree/src/supermoon34/cli.py
DA:22,0
SF:/workspace/scratch/2530b218b415/work/sm34_tree/src/supermoon34/cli.py
DA:23,0
SF:/workspace/scratch/2530b218b415/work/sm34_tree/src/supermoon34/cli.py
DA:24,0
SF:/workspace/scratch/2530b218b415/work/sm34_tree/src/supermoon34/cli.py
DA:25,0
SF:/workspace/scratch/2530b218b415/work/sm34_tree/src/supermoon34/cli.py
DA:26,0
SF:/workspace/scratch/2530b218b415/work/sm34_tree/src/supermoon34/cli.py
DA:29,0
SF:/workspace/scratch/2530b218b415/work/sm34_tree/src/supermoon34/cli.py
DA:30,0
SF:/workspace/scratch/2530b218b415/work/sm34_tree/src/supermoon34/cli.py
DA:31,0
SF:/workspace/scratch/2530b218b415/work/sm34_tree/src/supermoon34/cli.py
DA:32,0
SF:/workspace/scratch/2530b218b415/work/sm34_tree/src/supermoon34/cli.py
DA:33,0
SF:/workspace/scratch/2530b218b415/work/sm34_tree/src/supermoon34/cli.py
DA:34,0
SF:/workspace/scratch/2530b218b415/work/sm34_tree/src/supermoon34/cli.py
DA:35,0
SF:/workspace/scratch/2530b218b415/work/sm34_tree/src/supermoon34/cli.py
DA:36,0
SF:/workspace/scratch/2530b218b415/work/sm34_tree/src/supermoon34/cli.py
DA:37,0
SF:/workspace/scratch/2530b218b415/work/sm34_tree/src/supermoon34/cli.py
DA:38,0
SF:/workspace/scratch/2530b218b415/work/sm34_tree/src/supermoon34/cli.py
DA:39,0
SF:/workspace/scratch/2530b218b415/work/sm34_tree/src/supermoon34/cli.py
DA:40,0
SF:/workspace/scratch/2530b218b415/work/sm34_tree/src/supermoon34/cli.py
DA:42,0
SF:/workspace/scratch/2530b218b415/work/sm34_tree/src/supermoon34/cli.py
DA:43,0
SF:/workspace/scratch/2530b218b415/work/sm34_tree/src/supermoon34/cli.py
DA:44,0
SF:/workspace/scratch/2530b218b415/work/sm34_tree/src/supermoon34/cli.py
DA:45,0
SF:/workspace/scratch/2530b218b415/work/sm34_tree/src/supermoon34/cli.py
DA:46,0
SF:/workspace/scratch/2530b218b415/work/sm34_tree/src/supermoon34/cli.py
DA:47,0
SF:/workspace/scratch/2530b218b415/work/sm34_tree/src/supermoon34/cli.py
DA:48,0
SF:/workspace/scratch/2530b218b415/work/sm34_tree/src/supermoon34/cli.py
DA:49,0
SF:/workspace/scratch/2530b218b415/work/sm34_tree/src/supermoon34/cli.py
DA:50,0
SF:/workspace/scratch/2530b218b415/work/sm34_tree/src/supermoon34/cli.py
DA:51,0
SF:/workspace/scratch/2530b218b415/work/sm34_tree/src/supermoon34/cli.py
DA:52,0
SF:/workspace/scratch/2530b218b415/work/sm34_tree/src/supermoon34/cli.py
DA:53,0
SF:/workspace/scratch/2530b218b415/work/sm34_tree/src/supermoon34/cli.py
DA:54,0
SF:/workspace/scratch/2530b218b415/work/sm34_tree/src/supermoon34/cli.py
DA:55,0
SF:/workspace/scratch/2530b218b415/work/sm34_tree/src/supermoon34/cli.py
DA:56,0
SF:/workspace/scratch/2530b218b415/work/sm34_tree/src/supermoon34/cli.py
DA:57,0
SF:/workspace/scratch/2530b218b415/work/sm34_tree/src/supermoon34/cli.py
DA:58,0
SF:/workspace/scratch/2530b218b415/work/sm34_tree/src/supermoon34/cli.py
DA:59,0
SF:/workspace/scratch/2530b218b415/work/sm34_tree/src/supermoon34/cli.py
DA:60,0
SF:/workspace/scratch/2530b218b415/work/sm34_tree/src/supermoon34/cli.py
DA:63,0
SF:/workspace/scratch/2530b218b415/work/sm34_tree/src/supermoon34/cli.py
DA:64,0
end_of_record
SF:/workspace/scratch/2530b218b415/work/sm34_tree/src/supermoon34/contracts.py
DA:3,1
SF:/workspace/scratch/2530b218b415/work/sm34_tree/src/supermoon34/contracts.py
DA:5,1
SF:/workspace/scratch/2530b218b415/work/sm34_tree/src/supermoon34/contracts.py
DA:6,1
SF:/workspace/scratch/2530b218b415/work/sm34_tree/src/supermoon34/contracts.py
DA:7,1
SF:/workspace/scratch/2530b218b415/work/sm34_tree/src/supermoon34/contracts.py
DA:8,1
SF:/workspace/scratch/2530b218b415/work/sm34_tree/src/supermoon34/contracts.py
DA:9,1
SF:/workspace/scratch/2530b218b415/work/sm34_tree/src/supermoon34/contracts.py
DA:12,1
SF:/workspace/scratch/2530b218b415/work/sm34_tree/src/supermoon34/contracts.py
DA:16,1
SF:/workspace/scratch/2530b218b415/work/sm34_tree/src/supermoon34/contracts.py
DA:20,1
SF:/workspace/scratch/2530b218b415/work/sm34_tree/src/supermoon34/contracts.py
DA:24,1
SF:/workspace/scratch/2530b218b415/work/sm34_tree/src/supermoon34/contracts.py
DA:28,1
SF:/workspace/scratch/2530b218b415/work/sm34_tree/src/supermoon34/contracts.py
DA:32,1
SF:/workspace/scratch/2530b218b415/work/sm34_tree/src/supermoon34/contracts.py
DA:35,1
SF:/workspace/scratch/2530b218b415/work/sm34_tree/src/supermoon34/contracts.py
DA:36,1
SF:/workspace/scratch/2530b218b415/work/sm34_tree/src/supermoon34/contracts.py
DA:37,1
SF:/workspace/scratch/2530b218b415/work/sm34_tree/src/supermoon34/contracts.py
DA:38,1
SF:/workspace/scratch/2530b218b415/work/sm34_tree/src/supermoon34/contracts.py
DA:39,1
SF:/workspace/scratch/2530b218b415/work/sm34_tree/src/supermoon34/contracts.py
DA:40,1
SF:/workspace/scratch/2530b218b415/work/sm34_tree/src/supermoon34/contracts.py
DA:41,1
SF:/workspace/scratch/2530b218b415/work/sm34_tree/src/supermoon34/contracts.py
DA:42,1
SF:/workspace/scratch/2530b218b415/work/sm34_tree/src/supermoon34/contracts.py
DA:43,1
SF:/workspace/scratch/2530b218b415/work/sm34_tree/src/supermoon34/contracts.py
DA:46,1
SF:/workspace/scratch/2530b218b415/work/sm34_tree/src/supermoon34/contracts.py
DA:47,1
SF:/workspace/scratch/2530b218b415/work/sm34_tree/src/supermoon34/contracts.py
DA:50,1
SF:/workspace/scratch/2530b218b415/work/sm34_tree/src/supermoon34/contracts.py
DA:51,1
SF:/workspace/scratch/2530b218b415/work/sm34_tree/src/supermoon34/contracts.py
DA:52,1
SF:/workspace/scratch/2530b218b415/work/sm34_tree/src/supermoon34/contracts.py
DA:53,1
SF:/workspace/scratch/2530b218b415/work/sm34_tree/src/supermoon34/contracts.py
DA:54,1
SF:/workspace/scratch/2530b218b415/work/sm34_tree/src/supermoon34/contracts.py
DA:55,1
SF:/workspace/scratch/2530b218b415/work/sm34_tree/src/supermoon34/contracts.py
DA:56,1
SF:/workspace/scratch/2530b218b415/work/sm34_tree/src/supermoon34/contracts.py
DA:57,1
SF:/workspace/scratch/2530b218b415/work/sm34_tree/src/supermoon34/contracts.py
DA:58,1
SF:/workspace/scratch/2530b218b415/work/sm34_tree/src/supermoon34/contracts.py
DA:61,1
SF:/workspace/scratch/2530b218b415/work/sm34_tree/src/supermoon34/contracts.py
DA:62,0
SF:/workspace/scratch/2530b218b415/work/sm34_tree/src/supermoon34/contracts.py
DA:65,1
SF:/workspace/scratch/2530b218b415/work/sm34_tree/src/supermoon34/contracts.py
DA:66,1
SF:/workspace/scratch/2530b218b415/work/sm34_tree/src/supermoon34/contracts.py
DA:67,1
SF:/workspace/scratch/2530b218b415/work/sm34_tree/src/supermoon34/contracts.py
DA:68,1
SF:/workspace/scratch/2530b218b415/work/sm34_tree/src/supermoon34/contracts.py
DA:69,1
SF:/workspace/scratch/2530b218b415/work/sm34_tree/src/supermoon34/contracts.py
DA:70,1
SF:/workspace/scratch/2530b218b415/work/sm34_tree/src/supermoon34/contracts.py
DA:71,1
SF:/workspace/scratch/2530b218b415/work/sm34_tree/src/supermoon34/contracts.py
DA:72,1
SF:/workspace/scratch/2530b218b415/work/sm34_tree/src/supermoon34/contracts.py
DA:73,1
SF:/workspace/scratch/2530b218b415/work/sm34_tree/src/supermoon34/contracts.py
DA:74,1
SF:/workspace/scratch/2530b218b415/work/sm34_tree/src/supermoon34/contracts.py
DA:78,1
SF:/workspace/scratch/2530b218b415/work/sm34_tree/src/supermoon34/contracts.py
DA:81,1
SF:/workspace/scratch/2530b218b415/work/sm34_tree/src/supermoon34/contracts.py
DA:82,1
SF:/workspace/scratch/2530b218b415/work/sm34_tree/src/supermoon34/contracts.py
DA:83,1
SF:/workspace/scratch/2530b218b415/work/sm34_tree/src/supermoon34/contracts.py
DA:84,1
SF:/workspace/scratch/2530b218b415/work/sm34_tree/src/supermoon34/contracts.py
DA:85,1
SF:/workspace/scratch/2530b218b415/work/sm34_tree/src/supermoon34/contracts.py
DA:86,1
SF:/workspace/scratch/2530b218b415/work/sm34_tree/src/supermoon34/contracts.py
DA:87,1
SF:/workspace/scratch/2530b218b415/work/sm34_tree/src/supermoon34/contracts.py
DA:88,1
SF:/workspace/scratch/2530b218b415/work/sm34_tree/src/supermoon34/contracts.py
DA:90,1
SF:/workspace/scratch/2530b218b415/work/sm34_tree/src/supermoon34/contracts.py
DA:91,1
SF:/workspace/scratch/2530b218b415/work/sm34_tree/src/supermoon34/contracts.py
DA:92,1
SF:/workspace/scratch/2530b218b415/work/sm34_tree/src/supermoon34/contracts.py
DA:93,0
SF:/workspace/scratch/2530b218b415/work/sm34_tree/src/supermoon34/contracts.py
DA:95,1
SF:/workspace/scratch/2530b218b415/work/sm34_tree/src/supermoon34/contracts.py
DA:96,1
SF:/workspace/scratch/2530b218b415/work/sm34_tree/src/supermoon34/contracts.py
DA:97,1
SF:/workspace/scratch/2530b218b415/work/sm34_tree/src/supermoon34/contracts.py
DA:98,0
SF:/workspace/scratch/2530b218b415/work/sm34_tree/src/supermoon34/contracts.py
DA:99,1
SF:/workspace/scratch/2530b218b415/work/sm34_tree/src/supermoon34/contracts.py
DA:100,1
SF:/workspace/scratch/2530b218b415/work/sm34_tree/src/supermoon34/contracts.py
DA:104,1
SF:/workspace/scratch/2530b218b415/work/sm34_tree/src/supermoon34/contracts.py
DA:105,1
SF:/workspace/scratch/2530b218b415/work/sm34_tree/src/supermoon34/contracts.py
DA:106,1
SF:/workspace/scratch/2530b218b415/work/sm34_tree/src/supermoon34/contracts.py
DA:107,1
SF:/workspace/scratch/2530b218b415/work/sm34_tree/src/supermoon34/contracts.py
DA:108,1
SF:/workspace/scratch/2530b218b415/work/sm34_tree/src/supermoon34/contracts.py
DA:109,1
SF:/workspace/scratch/2530b218b415/work/sm34_tree/src/supermoon34/contracts.py
DA:113,1
SF:/workspace/scratch/2530b218b415/work/sm34_tree/src/supermoon34/contracts.py
DA:114,1
SF:/workspace/scratch/2530b218b415/work/sm34_tree/src/supermoon34/contracts.py
DA:115,1
SF:/workspace/scratch/2530b218b415/work/sm34_tree/src/supermoon34/contracts.py
DA:116,1
SF:/workspace/scratch/2530b218b415/work/sm34_tree/src/supermoon34/contracts.py
DA:117,1
SF:/workspace/scratch/2530b218b415/work/sm34_tree/src/supermoon34/contracts.py
DA:118,1
SF:/workspace/scratch/2530b218b415/work/sm34_tree/src/supermoon34/contracts.py
DA:122,1
SF:/workspace/scratch/2530b218b415/work/sm34_tree/src/supermoon34/contracts.py
DA:123,1
SF:/workspace/scratch/2530b218b415/work/sm34_tree/src/supermoon34/contracts.py
DA:124,1
SF:/workspace/scratch/2530b218b415/work/sm34_tree/src/supermoon34/contracts.py
DA:125,1
SF:/workspace/scratch/2530b218b415/work/sm34_tree/src/supermoon34/contracts.py
DA:126,1
SF:/workspace/scratch/2530b218b415/work/sm34_tree/src/supermoon34/contracts.py
DA:127,1
SF:/workspace/scratch/2530b218b415/work/sm34_tree/src/supermoon34/contracts.py
DA:128,1
SF:/workspace/scratch/2530b218b415/work/sm34_tree/src/supermoon34/contracts.py
DA:129,1
SF:/workspace/scratch/2530b218b415/work/sm34_tree/src/supermoon34/contracts.py
DA:130,1
SF:/workspace/scratch/2530b218b415/work/sm34_tree/src/supermoon34/contracts.py
DA:131,1
SF:/workspace/scratch/2530b218b415/work/sm34_tree/src/supermoon34/contracts.py
DA:132,1
SF:/workspace/scratch/2530b218b415/work/sm34_tree/src/supermoon34/contracts.py
DA:133,1
SF:/workspace/scratch/2530b218b415/work/sm34_tree/src/supermoon34/contracts.py
DA:137,1
SF:/workspace/scratch/2530b218b415/work/sm34_tree/src/supermoon34/contracts.py
DA:138,1
SF:/workspace/scratch/2530b218b415/work/sm34_tree/src/supermoon34/contracts.py
DA:139,1
SF:/workspace/scratch/2530b218b415/work/sm34_tree/src/supermoon34/contracts.py
DA:140,1
SF:/workspace/scratch/2530b218b415/work/sm34_tree/src/supermoon34/contracts.py
DA:141,1
SF:/workspace/scratch/2530b218b415/work/sm34_tree/src/supermoon34/contracts.py
DA:142,1
SF:/workspace/scratch/2530b218b415/work/sm34_tree/src/supermoon34/contracts.py
DA:143,1
SF:/workspace/scratch/2530b218b415/work/sm34_tree/src/supermoon34/contracts.py
DA:144,1
SF:/workspace/scratch/2530b218b415/work/sm34_tree/src/supermoon34/contracts.py
DA:146,1
SF:/workspace/scratch/2530b218b415/work/sm34_tree/src/supermoon34/contracts.py
DA:147,1
SF:/workspace/scratch/2530b218b415/work/sm34_tree/src/supermoon34/contracts.py
DA:148,0
SF:/workspace/scratch/2530b218b415/work/sm34_tree/src/supermoon34/contracts.py
DA:149,1
SF:/workspace/scratch/2530b218b415/work/sm34_tree/src/supermoon34/contracts.py
DA:150,0
SF:/workspace/scratch/2530b218b415/work/sm34_tree/src/supermoon34/contracts.py
DA:151,1
SF:/workspace/scratch/2530b218b415/work/sm34_tree/src/supermoon34/contracts.py
DA:152,0
SF:/workspace/scratch/2530b218b415/work/sm34_tree/src/supermoon34/contracts.py
DA:153,1
SF:/workspace/scratch/2530b218b415/work/sm34_tree/src/supermoon34/contracts.py
DA:154,1
SF:/workspace/scratch/2530b218b415/work/sm34_tree/src/supermoon34/contracts.py
DA:157,1
SF:/workspace/scratch/2530b218b415/work/sm34_tree/src/supermoon34/contracts.py
DA:158,1
SF:/workspace/scratch/2530b218b415/work/sm34_tree/src/supermoon34/contracts.py
DA:162,1
SF:/workspace/scratch/2530b218b415/work/sm34_tree/src/supermoon34/contracts.py
DA:163,1
SF:/workspace/scratch/2530b218b415/work/sm34_tree/src/supermoon34/contracts.py
DA:164,1
SF:/workspace/scratch/2530b218b415/work/sm34_tree/src/supermoon34/contracts.py
DA:165,1
SF:/workspace/scratch/2530b218b415/work/sm34_tree/src/supermoon34/contracts.py
DA:166,1
SF:/workspace/scratch/2530b218b415/work/sm34_tree/src/supermoon34/contracts.py
DA:167,1
SF:/workspace/scratch/2530b218b415/work/sm34_tree/src/supermoon34/contracts.py
DA:168,1
SF:/workspace/scratch/2530b218b415/work/sm34_tree/src/supermoon34/contracts.py
DA:169,1
SF:/workspace/scratch/2530b218b415/work/sm34_tree/src/supermoon34/contracts.py
DA:172,1
SF:/workspace/scratch/2530b218b415/work/sm34_tree/src/supermoon34/contracts.py
DA:173,0
SF:/workspace/scratch/2530b218b415/work/sm34_tree/src/supermoon34/contracts.py
DA:174,0
SF:/workspace/scratch/2530b218b415/work/sm34_tree/src/supermoon34/contracts.py
DA:175,0
SF:/workspace/scratch/2530b218b415/work/sm34_tree/src/supermoon34/contracts.py
DA:178,1
SF:/workspace/scratch/2530b218b415/work/sm34_tree/src/supermoon34/contracts.py
DA:181,0
SF:/workspace/scratch/2530b218b415/work/sm34_tree/src/supermoon34/contracts.py
DA:182,0
SF:/workspace/scratch/2530b218b415/work/sm34_tree/src/supermoon34/contracts.py
DA:183,0
SF:/workspace/scratch/2530b218b415/work/sm34_tree/src/supermoon34/contracts.py
DA:185,0
SF:/workspace/scratch/2530b218b415/work/sm34_tree/src/supermoon34/contracts.py
DA:186,0
SF:/workspace/scratch/2530b218b415/work/sm34_tree/src/supermoon34/contracts.py
DA:187,0
SF:/workspace/scratch/2530b218b415/work/sm34_tree/src/supermoon34/contracts.py
DA:188,0
end_of_record
SF:/workspace/scratch/2530b218b415/work/sm34_tree/src/supermoon34/endurance.py
DA:3,1
SF:/workspace/scratch/2530b218b415/work/sm34_tree/src/supermoon34/endurance.py
DA:5,1
SF:/workspace/scratch/2530b218b415/work/sm34_tree/src/supermoon34/endurance.py
DA:6,1
SF:/workspace/scratch/2530b218b415/work/sm34_tree/src/supermoon34/endurance.py
DA:7,1
SF:/workspace/scratch/2530b218b415/work/sm34_tree/src/supermoon34/endurance.py
DA:8,1
SF:/workspace/scratch/2530b218b415/work/sm34_tree/src/supermoon34/endurance.py
DA:9,1
SF:/workspace/scratch/2530b218b415/work/sm34_tree/src/supermoon34/endurance.py
DA:10,1
SF:/workspace/scratch/2530b218b415/work/sm34_tree/src/supermoon34/endurance.py
DA:11,1
SF:/workspace/scratch/2530b218b415/work/sm34_tree/src/supermoon34/endurance.py
DA:12,1
SF:/workspace/scratch/2530b218b415/work/sm34_tree/src/supermoon34/endurance.py
DA:13,1
SF:/workspace/scratch/2530b218b415/work/sm34_tree/src/supermoon34/endurance.py
DA:14,1
SF:/workspace/scratch/2530b218b415/work/sm34_tree/src/supermoon34/endurance.py
DA:16,1
SF:/workspace/scratch/2530b218b415/work/sm34_tree/src/supermoon34/endurance.py
DA:17,1
SF:/workspace/scratch/2530b218b415/work/sm34_tree/src/supermoon34/endurance.py
DA:21,1
SF:/workspace/scratch/2530b218b415/work/sm34_tree/src/supermoon34/endurance.py
DA:22,1
SF:/workspace/scratch/2530b218b415/work/sm34_tree/src/supermoon34/endurance.py
DA:23,1
SF:/workspace/scratch/2530b218b415/work/sm34_tree/src/supermoon34/endurance.py
DA:24,1
SF:/workspace/scratch/2530b218b415/work/sm34_tree/src/supermoon34/endurance.py
DA:25,1
SF:/workspace/scratch/2530b218b415/work/sm34_tree/src/supermoon34/endurance.py
DA:26,1
SF:/workspace/scratch/2530b218b415/work/sm34_tree/src/supermoon34/endurance.py
DA:30,1
SF:/workspace/scratch/2530b218b415/work/sm34_tree/src/supermoon34/endurance.py
DA:31,1
SF:/workspace/scratch/2530b218b415/work/sm34_tree/src/supermoon34/endurance.py
DA:32,1
SF:/workspace/scratch/2530b218b415/work/sm34_tree/src/supermoon34/endurance.py
DA:33,1
SF:/workspace/scratch/2530b218b415/work/sm34_tree/src/supermoon34/endurance.py
DA:34,1
SF:/workspace/scratch/2530b218b415/work/sm34_tree/src/supermoon34/endurance.py
DA:35,1
SF:/workspace/scratch/2530b218b415/work/sm34_tree/src/supermoon34/endurance.py
DA:36,1
SF:/workspace/scratch/2530b218b415/work/sm34_tree/src/supermoon34/endurance.py
DA:37,1
SF:/workspace/scratch/2530b218b415/work/sm34_tree/src/supermoon34/endurance.py
DA:38,1
SF:/workspace/scratch/2530b218b415/work/sm34_tree/src/supermoon34/endurance.py
DA:41,1
SF:/workspace/scratch/2530b218b415/work/sm34_tree/src/supermoon34/endurance.py
DA:42,1
SF:/workspace/scratch/2530b218b415/work/sm34_tree/src/supermoon34/endurance.py
DA:43,1
SF:/workspace/scratch/2530b218b415/work/sm34_tree/src/supermoon34/endurance.py
DA:44,1
SF:/workspace/scratch/2530b218b415/work/sm34_tree/src/supermoon34/endurance.py
DA:45,1
SF:/workspace/scratch/2530b218b415/work/sm34_tree/src/supermoon34/endurance.py
DA:46,1
SF:/workspace/scratch/2530b218b415/work/sm34_tree/src/supermoon34/endurance.py
DA:47,1
SF:/workspace/scratch/2530b218b415/work/sm34_tree/src/supermoon34/endurance.py
DA:48,1
SF:/workspace/scratch/2530b218b415/work/sm34_tree/src/supermoon34/endurance.py
DA:49,1
SF:/workspace/scratch/2530b218b415/work/sm34_tree/src/supermoon34/endurance.py
DA:50,1
SF:/workspace/scratch/2530b218b415/work/sm34_tree/src/supermoon34/endurance.py
DA:51,1
SF:/workspace/scratch/2530b218b415/work/sm34_tree/src/supermoon34/endurance.py
DA:52,1
SF:/workspace/scratch/2530b218b415/work/sm34_tree/src/supermoon34/endurance.py
DA:53,1
SF:/workspace/scratch/2530b218b415/work/sm34_tree/src/supermoon34/endurance.py
DA:55,1
SF:/workspace/scratch/2530b218b415/work/sm34_tree/src/supermoon34/endurance.py
DA:57,1
SF:/workspace/scratch/2530b218b415/work/sm34_tree/src/supermoon34/endurance.py
DA:58,0
SF:/workspace/scratch/2530b218b415/work/sm34_tree/src/supermoon34/endurance.py
DA:61,1
SF:/workspace/scratch/2530b218b415/work/sm34_tree/src/supermoon34/endurance.py
DA:62,1
SF:/workspace/scratch/2530b218b415/work/sm34_tree/src/supermoon34/endurance.py
DA:71,1
SF:/workspace/scratch/2530b218b415/work/sm34_tree/src/supermoon34/endurance.py
DA:72,0
SF:/workspace/scratch/2530b218b415/work/sm34_tree/src/supermoon34/endurance.py
DA:73,1
SF:/workspace/scratch/2530b218b415/work/sm34_tree/src/supermoon34/endurance.py
DA:74,0
SF:/workspace/scratch/2530b218b415/work/sm34_tree/src/supermoon34/endurance.py
DA:75,1
SF:/workspace/scratch/2530b218b415/work/sm34_tree/src/supermoon34/endurance.py
DA:76,1
SF:/workspace/scratch/2530b218b415/work/sm34_tree/src/supermoon34/endurance.py
DA:77,1
SF:/workspace/scratch/2530b218b415/work/sm34_tree/src/supermoon34/endurance.py
DA:78,1
SF:/workspace/scratch/2530b218b415/work/sm34_tree/src/supermoon34/endurance.py
DA:79,1
SF:/workspace/scratch/2530b218b415/work/sm34_tree/src/supermoon34/endurance.py
DA:80,1
SF:/workspace/scratch/2530b218b415/work/sm34_tree/src/supermoon34/endurance.py
DA:81,1
SF:/workspace/scratch/2530b218b415/work/sm34_tree/src/supermoon34/endurance.py
DA:82,1
SF:/workspace/scratch/2530b218b415/work/sm34_tree/src/supermoon34/endurance.py
DA:83,0
SF:/workspace/scratch/2530b218b415/work/sm34_tree/src/supermoon34/endurance.py
DA:84,1
SF:/workspace/scratch/2530b218b415/work/sm34_tree/src/supermoon34/endurance.py
DA:85,1
SF:/workspace/scratch/2530b218b415/work/sm34_tree/src/supermoon34/endurance.py
DA:86,1
SF:/workspace/scratch/2530b218b415/work/sm34_tree/src/supermoon34/endurance.py
DA:87,1
SF:/workspace/scratch/2530b218b415/work/sm34_tree/src/supermoon34/endurance.py
DA:88,1
SF:/workspace/scratch/2530b218b415/work/sm34_tree/src/supermoon34/endurance.py
DA:89,1
SF:/workspace/scratch/2530b218b415/work/sm34_tree/src/supermoon34/endurance.py
DA:90,1
SF:/workspace/scratch/2530b218b415/work/sm34_tree/src/supermoon34/endurance.py
DA:91,1
SF:/workspace/scratch/2530b218b415/work/sm34_tree/src/supermoon34/endurance.py
DA:92,1
SF:/workspace/scratch/2530b218b415/work/sm34_tree/src/supermoon34/endurance.py
DA:93,1
SF:/workspace/scratch/2530b218b415/work/sm34_tree/src/supermoon34/endurance.py
DA:94,1
SF:/workspace/scratch/2530b218b415/work/sm34_tree/src/supermoon34/endurance.py
DA:95,1
SF:/workspace/scratch/2530b218b415/work/sm34_tree/src/supermoon34/endurance.py
DA:96,1
SF:/workspace/scratch/2530b218b415/work/sm34_tree/src/supermoon34/endurance.py
DA:97,1
SF:/workspace/scratch/2530b218b415/work/sm34_tree/src/supermoon34/endurance.py
DA:100,1
SF:/workspace/scratch/2530b218b415/work/sm34_tree/src/supermoon34/endurance.py
DA:101,0
SF:/workspace/scratch/2530b218b415/work/sm34_tree/src/supermoon34/endurance.py
DA:102,0
SF:/workspace/scratch/2530b218b415/work/sm34_tree/src/supermoon34/endurance.py
DA:103,0
SF:/workspace/scratch/2530b218b415/work/sm34_tree/src/supermoon34/endurance.py
DA:104,0
end_of_record
SF:/workspace/scratch/2530b218b415/work/sm34_tree/src/supermoon34/evidence.py
DA:3,1
SF:/workspace/scratch/2530b218b415/work/sm34_tree/src/supermoon34/evidence.py
DA:5,1
SF:/workspace/scratch/2530b218b415/work/sm34_tree/src/supermoon34/evidence.py
DA:6,1
SF:/workspace/scratch/2530b218b415/work/sm34_tree/src/supermoon34/evidence.py
DA:7,1
SF:/workspace/scratch/2530b218b415/work/sm34_tree/src/supermoon34/evidence.py
DA:8,1
SF:/workspace/scratch/2530b218b415/work/sm34_tree/src/supermoon34/evidence.py
DA:9,1
SF:/workspace/scratch/2530b218b415/work/sm34_tree/src/supermoon34/evidence.py
DA:10,1
SF:/workspace/scratch/2530b218b415/work/sm34_tree/src/supermoon34/evidence.py
DA:11,1
SF:/workspace/scratch/2530b218b415/work/sm34_tree/src/supermoon34/evidence.py
DA:13,1
SF:/workspace/scratch/2530b218b415/work/sm34_tree/src/supermoon34/evidence.py
DA:16,1
SF:/workspace/scratch/2530b218b415/work/sm34_tree/src/supermoon34/evidence.py
DA:17,1
SF:/workspace/scratch/2530b218b415/work/sm34_tree/src/supermoon34/evidence.py
DA:18,1
SF:/workspace/scratch/2530b218b415/work/sm34_tree/src/supermoon34/evidence.py
DA:19,1
SF:/workspace/scratch/2530b218b415/work/sm34_tree/src/supermoon34/evidence.py
DA:20,1
SF:/workspace/scratch/2530b218b415/work/sm34_tree/src/supermoon34/evidence.py
DA:21,1
SF:/workspace/scratch/2530b218b415/work/sm34_tree/src/supermoon34/evidence.py
DA:22,0
SF:/workspace/scratch/2530b218b415/work/sm34_tree/src/supermoon34/evidence.py
DA:23,1
SF:/workspace/scratch/2530b218b415/work/sm34_tree/src/supermoon34/evidence.py
DA:24,1
SF:/workspace/scratch/2530b218b415/work/sm34_tree/src/supermoon34/evidence.py
DA:25,1
SF:/workspace/scratch/2530b218b415/work/sm34_tree/src/supermoon34/evidence.py
DA:26,1
SF:/workspace/scratch/2530b218b415/work/sm34_tree/src/supermoon34/evidence.py
DA:27,1
SF:/workspace/scratch/2530b218b415/work/sm34_tree/src/supermoon34/evidence.py
DA:28,0
SF:/workspace/scratch/2530b218b415/work/sm34_tree/src/supermoon34/evidence.py
DA:29,1
SF:/workspace/scratch/2530b218b415/work/sm34_tree/src/supermoon34/evidence.py
DA:32,1
SF:/workspace/scratch/2530b218b415/work/sm34_tree/src/supermoon34/evidence.py
DA:33,1
SF:/workspace/scratch/2530b218b415/work/sm34_tree/src/supermoon34/evidence.py
DA:36,1
SF:/workspace/scratch/2530b218b415/work/sm34_tree/src/supermoon34/evidence.py
DA:37,1
SF:/workspace/scratch/2530b218b415/work/sm34_tree/src/supermoon34/evidence.py
DA:40,1
SF:/workspace/scratch/2530b218b415/work/sm34_tree/src/supermoon34/evidence.py
DA:41,1
SF:/workspace/scratch/2530b218b415/work/sm34_tree/src/supermoon34/evidence.py
DA:42,1
SF:/workspace/scratch/2530b218b415/work/sm34_tree/src/supermoon34/evidence.py
DA:43,1
SF:/workspace/scratch/2530b218b415/work/sm34_tree/src/supermoon34/evidence.py
DA:44,1
SF:/workspace/scratch/2530b218b415/work/sm34_tree/src/supermoon34/evidence.py
DA:45,1
SF:/workspace/scratch/2530b218b415/work/sm34_tree/src/supermoon34/evidence.py
DA:46,1
SF:/workspace/scratch/2530b218b415/work/sm34_tree/src/supermoon34/evidence.py
DA:47,1
SF:/workspace/scratch/2530b218b415/work/sm34_tree/src/supermoon34/evidence.py
DA:48,1
SF:/workspace/scratch/2530b218b415/work/sm34_tree/src/supermoon34/evidence.py
DA:49,1
SF:/workspace/scratch/2530b218b415/work/sm34_tree/src/supermoon34/evidence.py
DA:50,0
SF:/workspace/scratch/2530b218b415/work/sm34_tree/src/supermoon34/evidence.py
DA:51,1
SF:/workspace/scratch/2530b218b415/work/sm34_tree/src/supermoon34/evidence.py
DA:52,0
SF:/workspace/scratch/2530b218b415/work/sm34_tree/src/supermoon34/evidence.py
DA:53,1
SF:/workspace/scratch/2530b218b415/work/sm34_tree/src/supermoon34/evidence.py
DA:56,1
SF:/workspace/scratch/2530b218b415/work/sm34_tree/src/supermoon34/evidence.py
DA:57,0
SF:/workspace/scratch/2530b218b415/work/sm34_tree/src/supermoon34/evidence.py
DA:58,0
SF:/workspace/scratch/2530b218b415/work/sm34_tree/src/supermoon34/evidence.py
DA:59,0
SF:/workspace/scratch/2530b218b415/work/sm34_tree/src/supermoon34/evidence.py
DA:60,0
SF:/workspace/scratch/2530b218b415/work/sm34_tree/src/supermoon34/evidence.py
DA:61,0
SF:/workspace/scratch/2530b218b415/work/sm34_tree/src/supermoon34/evidence.py
DA:65,1
SF:/workspace/scratch/2530b218b415/work/sm34_tree/src/supermoon34/evidence.py
DA:66,1
SF:/workspace/scratch/2530b218b415/work/sm34_tree/src/supermoon34/evidence.py
DA:67,1
SF:/workspace/scratch/2530b218b415/work/sm34_tree/src/supermoon34/evidence.py
DA:68,1
SF:/workspace/scratch/2530b218b415/work/sm34_tree/src/supermoon34/evidence.py
DA:69,1
SF:/workspace/scratch/2530b218b415/work/sm34_tree/src/supermoon34/evidence.py
DA:70,1
SF:/workspace/scratch/2530b218b415/work/sm34_tree/src/supermoon34/evidence.py
DA:74,1
SF:/workspace/scratch/2530b218b415/work/sm34_tree/src/supermoon34/evidence.py
DA:77,1
SF:/workspace/scratch/2530b218b415/work/sm34_tree/src/supermoon34/evidence.py
DA:79,1
SF:/workspace/scratch/2530b218b415/work/sm34_tree/src/supermoon34/evidence.py
DA:87,1
SF:/workspace/scratch/2530b218b415/work/sm34_tree/src/supermoon34/evidence.py
DA:88,0
SF:/workspace/scratch/2530b218b415/work/sm34_tree/src/supermoon34/evidence.py
DA:89,1
SF:/workspace/scratch/2530b218b415/work/sm34_tree/src/supermoon34/evidence.py
DA:90,1
SF:/workspace/scratch/2530b218b415/work/sm34_tree/src/supermoon34/evidence.py
DA:91,1
SF:/workspace/scratch/2530b218b415/work/sm34_tree/src/supermoon34/evidence.py
DA:92,0
SF:/workspace/scratch/2530b218b415/work/sm34_tree/src/supermoon34/evidence.py
DA:93,1
SF:/workspace/scratch/2530b218b415/work/sm34_tree/src/supermoon34/evidence.py
DA:94,1
SF:/workspace/scratch/2530b218b415/work/sm34_tree/src/supermoon34/evidence.py
DA:95,1
SF:/workspace/scratch/2530b218b415/work/sm34_tree/src/supermoon34/evidence.py
DA:96,1
SF:/workspace/scratch/2530b218b415/work/sm34_tree/src/supermoon34/evidence.py
DA:97,1
SF:/workspace/scratch/2530b218b415/work/sm34_tree/src/supermoon34/evidence.py
DA:98,1
SF:/workspace/scratch/2530b218b415/work/sm34_tree/src/supermoon34/evidence.py
DA:100,1
SF:/workspace/scratch/2530b218b415/work/sm34_tree/src/supermoon34/evidence.py
DA:101,1
SF:/workspace/scratch/2530b218b415/work/sm34_tree/src/supermoon34/evidence.py
DA:102,1
SF:/workspace/scratch/2530b218b415/work/sm34_tree/src/supermoon34/evidence.py
DA:103,0
SF:/workspace/scratch/2530b218b415/work/sm34_tree/src/supermoon34/evidence.py
DA:104,1
SF:/workspace/scratch/2530b218b415/work/sm34_tree/src/supermoon34/evidence.py
DA:105,1
SF:/workspace/scratch/2530b218b415/work/sm34_tree/src/supermoon34/evidence.py
DA:106,1
SF:/workspace/scratch/2530b218b415/work/sm34_tree/src/supermoon34/evidence.py
DA:107,0
SF:/workspace/scratch/2530b218b415/work/sm34_tree/src/supermoon34/evidence.py
DA:108,1
SF:/workspace/scratch/2530b218b415/work/sm34_tree/src/supermoon34/evidence.py
DA:110,1
SF:/workspace/scratch/2530b218b415/work/sm34_tree/src/supermoon34/evidence.py
DA:111,1
SF:/workspace/scratch/2530b218b415/work/sm34_tree/src/supermoon34/evidence.py
DA:112,1
SF:/workspace/scratch/2530b218b415/work/sm34_tree/src/supermoon34/evidence.py
DA:116,1
SF:/workspace/scratch/2530b218b415/work/sm34_tree/src/supermoon34/evidence.py
DA:117,1
SF:/workspace/scratch/2530b218b415/work/sm34_tree/src/supermoon34/evidence.py
DA:118,1
SF:/workspace/scratch/2530b218b415/work/sm34_tree/src/supermoon34/evidence.py
DA:119,1
SF:/workspace/scratch/2530b218b415/work/sm34_tree/src/supermoon34/evidence.py
DA:122,1
SF:/workspace/scratch/2530b218b415/work/sm34_tree/src/supermoon34/evidence.py
DA:123,0
SF:/workspace/scratch/2530b218b415/work/sm34_tree/src/supermoon34/evidence.py
DA:124,0
SF:/workspace/scratch/2530b218b415/work/sm34_tree/src/supermoon34/evidence.py
DA:125,0
SF:/workspace/scratch/2530b218b415/work/sm34_tree/src/supermoon34/evidence.py
DA:126,0
SF:/workspace/scratch/2530b218b415/work/sm34_tree/src/supermoon34/evidence.py
DA:127,0
SF:/workspace/scratch/2530b218b415/work/sm34_tree/src/supermoon34/evidence.py
DA:128,0
SF:/workspace/scratch/2530b218b415/work/sm34_tree/src/supermoon34/evidence.py
DA:129,0
SF:/workspace/scratch/2530b218b415/work/sm34_tree/src/supermoon34/evidence.py
DA:130,0
SF:/workspace/scratch/2530b218b415/work/sm34_tree/src/supermoon34/evidence.py
DA:131,0
SF:/workspace/scratch/2530b218b415/work/sm34_tree/src/supermoon34/evidence.py
DA:134,1
SF:/workspace/scratch/2530b218b415/work/sm34_tree/src/supermoon34/evidence.py
DA:135,0
SF:/workspace/scratch/2530b218b415/work/sm34_tree/src/supermoon34/evidence.py
DA:136,0
SF:/workspace/scratch/2530b218b415/work/sm34_tree/src/supermoon34/evidence.py
DA:137,0
SF:/workspace/scratch/2530b218b415/work/sm34_tree/src/supermoon34/evidence.py
DA:138,0
SF:/workspace/scratch/2530b218b415/work/sm34_tree/src/supermoon34/evidence.py
DA:139,0
SF:/workspace/scratch/2530b218b415/work/sm34_tree/src/supermoon34/evidence.py
DA:140,0
SF:/workspace/scratch/2530b218b415/work/sm34_tree/src/supermoon34/evidence.py
DA:141,0
SF:/workspace/scratch/2530b218b415/work/sm34_tree/src/supermoon34/evidence.py
DA:142,0
SF:/workspace/scratch/2530b218b415/work/sm34_tree/src/supermoon34/evidence.py
DA:145,1
SF:/workspace/scratch/2530b218b415/work/sm34_tree/src/supermoon34/evidence.py
DA:148,1
SF:/workspace/scratch/2530b218b415/work/sm34_tree/src/supermoon34/evidence.py
DA:149,0
SF:/workspace/scratch/2530b218b415/work/sm34_tree/src/supermoon34/evidence.py
DA:150,1
end_of_record
SF:/workspace/scratch/2530b218b415/work/sm34_tree/src/supermoon34/execution.py
DA:3,1
SF:/workspace/scratch/2530b218b415/work/sm34_tree/src/supermoon34/execution.py
DA:5,1
SF:/workspace/scratch/2530b218b415/work/sm34_tree/src/supermoon34/execution.py
DA:6,1
SF:/workspace/scratch/2530b218b415/work/sm34_tree/src/supermoon34/execution.py
DA:7,1
SF:/workspace/scratch/2530b218b415/work/sm34_tree/src/supermoon34/execution.py
DA:8,1
SF:/workspace/scratch/2530b218b415/work/sm34_tree/src/supermoon34/execution.py
DA:9,1
SF:/workspace/scratch/2530b218b415/work/sm34_tree/src/supermoon34/execution.py
DA:10,1
SF:/workspace/scratch/2530b218b415/work/sm34_tree/src/supermoon34/execution.py
DA:11,1
SF:/workspace/scratch/2530b218b415/work/sm34_tree/src/supermoon34/execution.py
DA:12,1
SF:/workspace/scratch/2530b218b415/work/sm34_tree/src/supermoon34/execution.py
DA:13,1
SF:/workspace/scratch/2530b218b415/work/sm34_tree/src/supermoon34/execution.py
DA:15,1
SF:/workspace/scratch/2530b218b415/work/sm34_tree/src/supermoon34/execution.py
DA:19,1
SF:/workspace/scratch/2530b218b415/work/sm34_tree/src/supermoon34/execution.py
DA:20,1
SF:/workspace/scratch/2530b218b415/work/sm34_tree/src/supermoon34/execution.py
DA:21,1
SF:/workspace/scratch/2530b218b415/work/sm34_tree/src/supermoon34/execution.py
DA:22,1
[...]
DA:84,1
SF:/workspace/scratch/2530b218b415/work/sm35_tree/src/supermoon35/framing.py
DA:85,1
SF:/workspace/scratch/2530b218b415/work/sm35_tree/src/supermoon35/framing.py
DA:86,1
SF:/workspace/scratch/2530b218b415/work/sm35_tree/src/supermoon35/framing.py
DA:87,1
end_of_record
SF:/workspace/scratch/2530b218b415/work/sm35_tree/src/supermoon35/physical.py
DA:3,1
SF:/workspace/scratch/2530b218b415/work/sm35_tree/src/supermoon35/physical.py
DA:5,1
SF:/workspace/scratch/2530b218b415/work/sm35_tree/src/supermoon35/physical.py
DA:6,1
SF:/workspace/scratch/2530b218b415/work/sm35_tree/src/supermoon35/physical.py
DA:7,1
SF:/workspace/scratch/2530b218b415/work/sm35_tree/src/supermoon35/physical.py
DA:8,1
SF:/workspace/scratch/2530b218b415/work/sm35_tree/src/supermoon35/physical.py
DA:9,1
SF:/workspace/scratch/2530b218b415/work/sm35_tree/src/supermoon35/physical.py
DA:10,1
SF:/workspace/scratch/2530b218b415/work/sm35_tree/src/supermoon35/physical.py
DA:11,1
SF:/workspace/scratch/2530b218b415/work/sm35_tree/src/supermoon35/physical.py
DA:13,1
SF:/workspace/scratch/2530b218b415/work/sm35_tree/src/supermoon35/physical.py
DA:16,1
SF:/workspace/scratch/2530b218b415/work/sm35_tree/src/supermoon35/physical.py
DA:24,1
SF:/workspace/scratch/2530b218b415/work/sm35_tree/src/supermoon35/physical.py
DA:32,1
SF:/workspace/scratch/2530b218b415/work/sm35_tree/src/supermoon35/physical.py
DA:33,1
SF:/workspace/scratch/2530b218b415/work/sm35_tree/src/supermoon35/physical.py
DA:34,1
SF:/workspace/scratch/2530b218b415/work/sm35_tree/src/supermoon35/physical.py
DA:35,1
SF:/workspace/scratch/2530b218b415/work/sm35_tree/src/supermoon35/physical.py
DA:36,1
SF:/workspace/scratch/2530b218b415/work/sm35_tree/src/supermoon35/physical.py
DA:37,1
SF:/workspace/scratch/2530b218b415/work/sm35_tree/src/supermoon35/physical.py
DA:40,1
SF:/workspace/scratch/2530b218b415/work/sm35_tree/src/supermoon35/physical.py
DA:41,1
SF:/workspace/scratch/2530b218b415/work/sm35_tree/src/supermoon35/physical.py
DA:42,1
SF:/workspace/scratch/2530b218b415/work/sm35_tree/src/supermoon35/physical.py
DA:43,1
SF:/workspace/scratch/2530b218b415/work/sm35_tree/src/supermoon35/physical.py
DA:44,1
SF:/workspace/scratch/2530b218b415/work/sm35_tree/src/supermoon35/physical.py
DA:45,1
SF:/workspace/scratch/2530b218b415/work/sm35_tree/src/supermoon35/physical.py
DA:46,1
SF:/workspace/scratch/2530b218b415/work/sm35_tree/src/supermoon35/physical.py
DA:47,1
SF:/workspace/scratch/2530b218b415/work/sm35_tree/src/supermoon35/physical.py
DA:48,1
SF:/workspace/scratch/2530b218b415/work/sm35_tree/src/supermoon35/physical.py
DA:51,1
SF:/workspace/scratch/2530b218b415/work/sm35_tree/src/supermoon35/physical.py
DA:52,1
SF:/workspace/scratch/2530b218b415/work/sm35_tree/src/supermoon35/physical.py
DA:55,1
SF:/workspace/scratch/2530b218b415/work/sm35_tree/src/supermoon35/physical.py
DA:56,1
SF:/workspace/scratch/2530b218b415/work/sm35_tree/src/supermoon35/physical.py
DA:70,1
SF:/workspace/scratch/2530b218b415/work/sm35_tree/src/supermoon35/physical.py
DA:71,1
SF:/workspace/scratch/2530b218b415/work/sm35_tree/src/supermoon35/physical.py
DA:75,1
SF:/workspace/scratch/2530b218b415/work/sm35_tree/src/supermoon35/physical.py
DA:76,1
SF:/workspace/scratch/2530b218b415/work/sm35_tree/src/supermoon35/physical.py
DA:77,1
SF:/workspace/scratch/2530b218b415/work/sm35_tree/src/supermoon35/physical.py
DA:78,1
SF:/workspace/scratch/2530b218b415/work/sm35_tree/src/supermoon35/physical.py
DA:79,1
SF:/workspace/scratch/2530b218b415/work/sm35_tree/src/supermoon35/physical.py
DA:80,1
SF:/workspace/scratch/2530b218b415/work/sm35_tree/src/supermoon35/physical.py
DA:81,1
SF:/workspace/scratch/2530b218b415/work/sm35_tree/src/supermoon35/physical.py
DA:83,1
SF:/workspace/scratch/2530b218b415/work/sm35_tree/src/supermoon35/physical.py
DA:84,1
SF:/workspace/scratch/2530b218b415/work/sm35_tree/src/supermoon35/physical.py
DA:85,1
SF:/workspace/scratch/2530b218b415/work/sm35_tree/src/supermoon35/physical.py
DA:86,1
SF:/workspace/scratch/2530b218b415/work/sm35_tree/src/supermoon35/physical.py
DA:87,1
SF:/workspace/scratch/2530b218b415/work/sm35_tree/src/supermoon35/physical.py
DA:88,1
SF:/workspace/scratch/2530b218b415/work/sm35_tree/src/supermoon35/physical.py
DA:89,1
SF:/workspace/scratch/2530b218b415/work/sm35_tree/src/supermoon35/physical.py
DA:90,1
SF:/workspace/scratch/2530b218b415/work/sm35_tree/src/supermoon35/physical.py
DA:91,1
SF:/workspace/scratch/2530b218b415/work/sm35_tree/src/supermoon35/physical.py
DA:92,1
SF:/workspace/scratch/2530b218b415/work/sm35_tree/src/supermoon35/physical.py
DA:93,1
SF:/workspace/scratch/2530b218b415/work/sm35_tree/src/supermoon35/physical.py
DA:94,1
SF:/workspace/scratch/2530b218b415/work/sm35_tree/src/supermoon35/physical.py
DA:97,1
SF:/workspace/scratch/2530b218b415/work/sm35_tree/src/supermoon35/physical.py
DA:98,1
SF:/workspace/scratch/2530b218b415/work/sm35_tree/src/supermoon35/physical.py
DA:99,1
SF:/workspace/scratch/2530b218b415/work/sm35_tree/src/supermoon35/physical.py
DA:100,1
SF:/workspace/scratch/2530b218b415/work/sm35_tree/src/supermoon35/physical.py
DA:101,1
SF:/workspace/scratch/2530b218b415/work/sm35_tree/src/supermoon35/physical.py
DA:102,1
SF:/workspace/scratch/2530b218b415/work/sm35_tree/src/supermoon35/physical.py
DA:103,1
SF:/workspace/scratch/2530b218b415/work/sm35_tree/src/supermoon35/physical.py
DA:104,1
SF:/workspace/scratch/2530b218b415/work/sm35_tree/src/supermoon35/physical.py
DA:108,1
SF:/workspace/scratch/2530b218b415/work/sm35_tree/src/supermoon35/physical.py
DA:109,1
SF:/workspace/scratch/2530b218b415/work/sm35_tree/src/supermoon35/physical.py
DA:110,1
SF:/workspace/scratch/2530b218b415/work/sm35_tree/src/supermoon35/physical.py
DA:111,1
SF:/workspace/scratch/2530b218b415/work/sm35_tree/src/supermoon35/physical.py
DA:112,1
SF:/workspace/scratch/2530b218b415/work/sm35_tree/src/supermoon35/physical.py
DA:114,1
SF:/workspace/scratch/2530b218b415/work/sm35_tree/src/supermoon35/physical.py
DA:115,1
SF:/workspace/scratch/2530b218b415/work/sm35_tree/src/supermoon35/physical.py
DA:116,1
SF:/workspace/scratch/2530b218b415/work/sm35_tree/src/supermoon35/physical.py
DA:117,1
SF:/workspace/scratch/2530b218b415/work/sm35_tree/src/supermoon35/physical.py
DA:118,1
SF:/workspace/scratch/2530b218b415/work/sm35_tree/src/supermoon35/physical.py
DA:121,1
SF:/workspace/scratch/2530b218b415/work/sm35_tree/src/supermoon35/physical.py
DA:122,1
SF:/workspace/scratch/2530b218b415/work/sm35_tree/src/supermoon35/physical.py
DA:123,1
SF:/workspace/scratch/2530b218b415/work/sm35_tree/src/supermoon35/physical.py
DA:124,1
SF:/workspace/scratch/2530b218b415/work/sm35_tree/src/supermoon35/physical.py
DA:125,1
SF:/workspace/scratch/2530b218b415/work/sm35_tree/src/supermoon35/physical.py
DA:126,1
SF:/workspace/scratch/2530b218b415/work/sm35_tree/src/supermoon35/physical.py
DA:127,1
SF:/workspace/scratch/2530b218b415/work/sm35_tree/src/supermoon35/physical.py
DA:128,1
SF:/workspace/scratch/2530b218b415/work/sm35_tree/src/supermoon35/physical.py
DA:129,1
SF:/workspace/scratch/2530b218b415/work/sm35_tree/src/supermoon35/physical.py
DA:130,1
SF:/workspace/scratch/2530b218b415/work/sm35_tree/src/supermoon35/physical.py
DA:131,1
SF:/workspace/scratch/2530b218b415/work/sm35_tree/src/supermoon35/physical.py
DA:132,1
SF:/workspace/scratch/2530b218b415/work/sm35_tree/src/supermoon35/physical.py
DA:133,1
SF:/workspace/scratch/2530b218b415/work/sm35_tree/src/supermoon35/physical.py
DA:134,1
SF:/workspace/scratch/2530b218b415/work/sm35_tree/src/supermoon35/physical.py
DA:139,1
SF:/workspace/scratch/2530b218b415/work/sm35_tree/src/supermoon35/physical.py
DA:140,1
SF:/workspace/scratch/2530b218b415/work/sm35_tree/src/supermoon35/physical.py
DA:141,1
end_of_record
SF:/workspace/scratch/2530b218b415/work/sm35_tree/src/supermoon35/qualification.py
DA:3,1
SF:/workspace/scratch/2530b218b415/work/sm35_tree/src/supermoon35/qualification.py
DA:5,1
SF:/workspace/scratch/2530b218b415/work/sm35_tree/src/supermoon35/qualification.py
DA:6,1
SF:/workspace/scratch/2530b218b415/work/sm35_tree/src/supermoon35/qualification.py
DA:7,1
SF:/workspace/scratch/2530b218b415/work/sm35_tree/src/supermoon35/qualification.py
DA:9,1
SF:/workspace/scratch/2530b218b415/work/sm35_tree/src/supermoon35/qualification.py
DA:12,1
SF:/workspace/scratch/2530b218b415/work/sm35_tree/src/supermoon35/qualification.py
DA:16,1
SF:/workspace/scratch/2530b218b415/work/sm35_tree/src/supermoon35/qualification.py
DA:20,1
SF:/workspace/scratch/2530b218b415/work/sm35_tree/src/supermoon35/qualification.py
DA:21,1
SF:/workspace/scratch/2530b218b415/work/sm35_tree/src/supermoon35/qualification.py
DA:22,1
SF:/workspace/scratch/2530b218b415/work/sm35_tree/src/supermoon35/qualification.py
DA:23,1
SF:/workspace/scratch/2530b218b415/work/sm35_tree/src/supermoon35/qualification.py
DA:24,1
SF:/workspace/scratch/2530b218b415/work/sm35_tree/src/supermoon35/qualification.py
DA:25,1
SF:/workspace/scratch/2530b218b415/work/sm35_tree/src/supermoon35/qualification.py
DA:26,1
SF:/workspace/scratch/2530b218b415/work/sm35_tree/src/supermoon35/qualification.py
DA:29,1
SF:/workspace/scratch/2530b218b415/work/sm35_tree/src/supermoon35/qualification.py
DA:30,1
SF:/workspace/scratch/2530b218b415/work/sm35_tree/src/supermoon35/qualification.py
DA:31,1
SF:/workspace/scratch/2530b218b415/work/sm35_tree/src/supermoon35/qualification.py
DA:32,1
SF:/workspace/scratch/2530b218b415/work/sm35_tree/src/supermoon35/qualification.py
DA:33,1
SF:/workspace/scratch/2530b218b415/work/sm35_tree/src/supermoon35/qualification.py
DA:34,1
SF:/workspace/scratch/2530b218b415/work/sm35_tree/src/supermoon35/qualification.py
DA:35,1
SF:/workspace/scratch/2530b218b415/work/sm35_tree/src/supermoon35/qualification.py
DA:36,1
SF:/workspace/scratch/2530b218b415/work/sm35_tree/src/supermoon35/qualification.py
DA:37,1
SF:/workspace/scratch/2530b218b415/work/sm35_tree/src/supermoon35/qualification.py
DA:38,1
SF:/workspace/scratch/2530b218b415/work/sm35_tree/src/supermoon35/qualification.py
DA:39,1
SF:/workspace/scratch/2530b218b415/work/sm35_tree/src/supermoon35/qualification.py
DA:40,1
SF:/workspace/scratch/2530b218b415/work/sm35_tree/src/supermoon35/qualification.py
DA:41,1
SF:/workspace/scratch/2530b218b415/work/sm35_tree/src/supermoon35/qualification.py
DA:42,1
SF:/workspace/scratch/2530b218b415/work/sm35_tree/src/supermoon35/qualification.py
DA:43,1
SF:/workspace/scratch/2530b218b415/work/sm35_tree/src/supermoon35/qualification.py
DA:44,1
SF:/workspace/scratch/2530b218b415/work/sm35_tree/src/supermoon35/qualification.py
DA:45,1
SF:/workspace/scratch/2530b218b415/work/sm35_tree/src/supermoon35/qualification.py
DA:46,1
SF:/workspace/scratch/2530b218b415/work/sm35_tree/src/supermoon35/qualification.py
DA:47,1
SF:/workspace/scratch/2530b218b415/work/sm35_tree/src/supermoon35/qualification.py
DA:48,1
SF:/workspace/scratch/2530b218b415/work/sm35_tree/src/supermoon35/qualification.py
DA:49,1
SF:/workspace/scratch/2530b218b415/work/sm35_tree/src/supermoon35/qualification.py
DA:51,1
SF:/workspace/scratch/2530b218b415/work/sm35_tree/src/supermoon35/qualification.py
DA:52,1
SF:/workspace/scratch/2530b218b415/work/sm35_tree/src/supermoon35/qualification.py
DA:53,1
SF:/workspace/scratch/2530b218b415/work/sm35_tree/src/supermoon35/qualification.py
DA:56,1
SF:/workspace/scratch/2530b218b415/work/sm35_tree/src/supermoon35/qualification.py
DA:57,1
SF:/workspace/scratch/2530b218b415/work/sm35_tree/src/supermoon35/qualification.py
DA:58,1
SF:/workspace/scratch/2530b218b415/work/sm35_tree/src/supermoon35/qualification.py
DA:59,1
SF:/workspace/scratch/2530b218b415/work/sm35_tree/src/supermoon35/qualification.py
DA:60,1
SF:/workspace/scratch/2530b218b415/work/sm35_tree/src/supermoon35/qualification.py
DA:61,1
SF:/workspace/scratch/2530b218b415/work/sm35_tree/src/supermoon35/qualification.py
DA:62,1
SF:/workspace/scratch/2530b218b415/work/sm35_tree/src/supermoon35/qualification.py
DA:63,1
SF:/workspace/scratch/2530b218b415/work/sm35_tree/src/supermoon35/qualification.py
DA:64,1
end_of_record
SF:/workspace/scratch/2530b218b415/work/sm35_tree/src/supermoon35/vnv.py
DA:3,1
SF:/workspace/scratch/2530b218b415/work/sm35_tree/src/supermoon35/vnv.py
DA:5,1
SF:/workspace/scratch/2530b218b415/work/sm35_tree/src/supermoon35/vnv.py
DA:6,1
SF:/workspace/scratch/2530b218b415/work/sm35_tree/src/supermoon35/vnv.py
DA:7,1
SF:/workspace/scratch/2530b218b415/work/sm35_tree/src/supermoon35/vnv.py
DA:9,1
SF:/workspace/scratch/2530b218b415/work/sm35_tree/src/supermoon35/vnv.py
DA:13,1
SF:/workspace/scratch/2530b218b415/work/sm35_tree/src/supermoon35/vnv.py
DA:14,1
SF:/workspace/scratch/2530b218b415/work/sm35_tree/src/supermoon35/vnv.py
DA:15,1
SF:/workspace/scratch/2530b218b415/work/sm35_tree/src/supermoon35/vnv.py
DA:16,1
SF:/workspace/scratch/2530b218b415/work/sm35_tree/src/supermoon35/vnv.py
DA:17,1
SF:/workspace/scratch/2530b218b415/work/sm35_tree/src/supermoon35/vnv.py
DA:18,1
SF:/workspace/scratch/2530b218b415/work/sm35_tree/src/supermoon35/vnv.py
DA:19,1
SF:/workspace/scratch/2530b218b415/work/sm35_tree/src/supermoon35/vnv.py
DA:20,1
SF:/workspace/scratch/2530b218b415/work/sm35_tree/src/supermoon35/vnv.py
DA:21,1
SF:/workspace/scratch/2530b218b415/work/sm35_tree/src/supermoon35/vnv.py
DA:22,1
SF:/workspace/scratch/2530b218b415/work/sm35_tree/src/supermoon35/vnv.py
DA:23,1
SF:/workspace/scratch/2530b218b415/work/sm35_tree/src/supermoon35/vnv.py
DA:24,1
SF:/workspace/scratch/2530b218b415/work/sm35_tree/src/supermoon35/vnv.py
DA:25,1
SF:/workspace/scratch/2530b218b415/work/sm35_tree/src/supermoon35/vnv.py
DA:27,1
SF:/workspace/scratch/2530b218b415/work/sm35_tree/src/supermoon35/vnv.py
DA:28,1
SF:/workspace/scratch/2530b218b415/work/sm35_tree/src/supermoon35/vnv.py
DA:29,1
SF:/workspace/scratch/2530b218b415/work/sm35_tree/src/supermoon35/vnv.py
DA:30,1
SF:/workspace/scratch/2530b218b415/work/sm35_tree/src/supermoon35/vnv.py
DA:31,1
SF:/workspace/scratch/2530b218b415/work/sm35_tree/src/supermoon35/vnv.py
DA:32,1
SF:/workspace/scratch/2530b218b415/work/sm35_tree/src/supermoon35/vnv.py
DA:33,1
SF:/workspace/scratch/2530b218b415/work/sm35_tree/src/supermoon35/vnv.py
DA:34,1
SF:/workspace/scratch/2530b218b415/work/sm35_tree/src/supermoon35/vnv.py
DA:35,1
SF:/workspace/scratch/2530b218b415/work/sm35_tree/src/supermoon35/vnv.py
DA:36,1
SF:/workspace/scratch/2530b218b415/work/sm35_tree/src/supermoon35/vnv.py
DA:37,1
SF:/workspace/scratch/2530b218b415/work/sm35_tree/src/supermoon35/vnv.py
DA:38,1
SF:/workspace/scratch/2530b218b415/work/sm35_tree/src/supermoon35/vnv.py
DA:42,1
SF:/workspace/scratch/2530b218b415/work/sm35_tree/src/supermoon35/vnv.py
DA:43,1
SF:/workspace/scratch/2530b218b415/work/sm35_tree/src/supermoon35/vnv.py
DA:44,1
SF:/workspace/scratch/2530b218b415/work/sm35_tree/src/supermoon35/vnv.py
DA:45,1
SF:/workspace/scratch/2530b218b415/work/sm35_tree/src/supermoon35/vnv.py
DA:48,1
SF:/workspace/scratch/2530b218b415/work/sm35_tree/src/supermoon35/vnv.py
DA:49,1
SF:/workspace/scratch/2530b218b415/work/sm35_tree/src/supermoon35/vnv.py
DA:50,1
SF:/workspace/scratch/2530b218b415/work/sm35_tree/src/supermoon35/vnv.py
DA:51,1
SF:/workspace/scratch/2530b218b415/work/sm35_tree/src/supermoon35/vnv.py
DA:52,1
SF:/workspace/scratch/2530b218b415/work/sm35_tree/src/supermoon35/vnv.py
DA:53,1
SF:/workspace/scratch/2530b218b415/work/sm35_tree/src/supermoon35/vnv.py
DA:54,1
SF:/workspace/scratch/2530b218b415/work/sm35_tree/src/supermoon35/vnv.py
DA:55,1
SF:/workspace/scratch/2530b218b415/work/sm35_tree/src/supermoon35/vnv.py
DA:56,1
SF:/workspace/scratch/2530b218b415/work/sm35_tree/src/supermoon35/vnv.py
DA:57,1
SF:/workspace/scratch/2530b218b415/work/sm35_tree/src/supermoon35/vnv.py
DA:58,1
SF:/workspace/scratch/2530b218b415/work/sm35_tree/src/supermoon35/vnv.py
DA:59,1
SF:/workspace/scratch/2530b218b415/work/sm35_tree/src/supermoon35/vnv.py
DA:60,1
SF:/workspace/scratch/2530b218b415/work/sm35_tree/src/supermoon35/vnv.py
DA:64,1
SF:/workspace/scratch/2530b218b415/work/sm35_tree/src/supermoon35/vnv.py
DA:65,1
SF:/workspace/scratch/2530b218b415/work/sm35_tree/src/supermoon35/vnv.py
DA:66,1
SF:/workspace/scratch/2530b218b415/work/sm35_tree/src/supermoon35/vnv.py
DA:67,1
SF:/workspace/scratch/2530b218b415/work/sm35_tree/src/supermoon35/vnv.py
DA:68,1
SF:/workspace/scratch/2530b218b415/work/sm35_tree/src/supermoon35/vnv.py
DA:69,1
SF:/workspace/scratch/2530b218b415/work/sm35_tree/src/supermoon35/vnv.py
DA:70,1
SF:/workspace/scratch/2530b218b415/work/sm35_tree/src/supermoon35/vnv.py
DA:71,1
SF:/workspace/scratch/2530b218b415/work/sm35_tree/src/supermoon35/vnv.py
DA:72,1
SF:/workspace/scratch/2530b218b415/work/sm35_tree/src/supermoon35/vnv.py
DA:74,1
SF:/workspace/scratch/2530b218b415/work/sm35_tree/src/supermoon35/vnv.py
DA:75,1
SF:/workspace/scratch/2530b218b415/work/sm35_tree/src/supermoon35/vnv.py
DA:76,1
SF:/workspace/scratch/2530b218b415/work/sm35_tree/src/supermoon35/vnv.py
DA:77,1
SF:/workspace/scratch/2530b218b415/work/sm35_tree/src/supermoon35/vnv.py
DA:78,1
SF:/workspace/scratch/2530b218b415/work/sm35_tree/src/supermoon35/vnv.py
DA:79,1
SF:/workspace/scratch/2530b218b415/work/sm35_tree/src/supermoon35/vnv.py
DA:80,1
SF:/workspace/scratch/2530b218b415/work/sm35_tree/src/supermoon35/vnv.py
DA:81,1
SF:/workspace/scratch/2530b218b415/work/sm35_tree/src/supermoon35/vnv.py
DA:88,1
SF:/workspace/scratch/2530b218b415/work/sm35_tree/src/supermoon35/vnv.py
DA:89,1
SF:/workspace/scratch/2530b218b415/work/sm35_tree/src/supermoon35/vnv.py
DA:90,1
SF:/workspace/scratch/2530b218b415/work/sm35_tree/src/supermoon35/vnv.py
DA:91,1
SF:/workspace/scratch/2530b218b415/work/sm35_tree/src/supermoon35/vnv.py
DA:92,1
SF:/workspace/scratch/2530b218b415/work/sm35_tree/src/supermoon35/vnv.py
DA:95,1
SF:/workspace/scratch/2530b218b415/work/sm35_tree/src/supermoon35/vnv.py
DA:96,1
SF:/workspace/scratch/2530b218b415/work/sm35_tree/src/supermoon35/vnv.py
DA:97,1
SF:/workspace/scratch/2530b218b415/work/sm35_tree/src/supermoon35/vnv.py
DA:98,1
SF:/workspace/scratch/2530b218b415/work/sm35_tree/src/supermoon35/vnv.py
DA:99,1
SF:/workspace/scratch/2530b218b415/work/sm35_tree/src/supermoon35/vnv.py
DA:100,1
SF:/workspace/scratch/2530b218b415/work/sm35_tree/src/supermoon35/vnv.py
DA:101,1
SF:/workspace/scratch/2530b218b415/work/sm35_tree/src/supermoon35/vnv.py
DA:104,1
SF:/workspace/scratch/2530b218b415/work/sm35_tree/src/supermoon35/vnv.py
DA:105,1
SF:/workspace/scratch/2530b218b415/work/sm35_tree/src/supermoon35/vnv.py
DA:106,1
SF:/workspace/scratch/2530b218b415/work/sm35_tree/src/supermoon35/vnv.py
DA:107,1
SF:/workspace/scratch/2530b218b415/work/sm35_tree/src/supermoon35/vnv.py
DA:108,1
SF:/workspace/scratch/2530b218b415/work/sm35_tree/src/supermoon35/vnv.py
DA:112,1
SF:/workspace/scratch/2530b218b415/work/sm35_tree/src/supermoon35/vnv.py
DA:113,1
SF:/workspace/scratch/2530b218b415/work/sm35_tree/src/supermoon35/vnv.py
DA:114,1
SF:/workspace/scratch/2530b218b415/work/sm35_tree/src/supermoon35/vnv.py
DA:115,1
SF:/workspace/scratch/2530b218b415/work/sm35_tree/src/supermoon35/vnv.py
DA:116,1
SF:/workspace/scratch/2530b218b415/work/sm35_tree/src/supermoon35/vnv.py
DA:117,1
SF:/workspace/scratch/2530b218b415/work/sm35_tree/src/supermoon35/vnv.py
DA:119,1
SF:/workspace/scratch/2530b218b415/work/sm35_tree/src/supermoon35/vnv.py
DA:120,1
SF:/workspace/scratch/2530b218b415/work/sm35_tree/src/supermoon35/vnv.py
DA:121,1
SF:/workspace/scratch/2530b218b415/work/sm35_tree/src/supermoon35/vnv.py
DA:122,1
SF:/workspace/scratch/2530b218b415/work/sm35_tree/src/supermoon35/vnv.py
DA:125,1
SF:/workspace/scratch/2530b218b415/work/sm35_tree/src/supermoon35/vnv.py
DA:126,1
SF:/workspace/scratch/2530b218b415/work/sm35_tree/src/supermoon35/vnv.py
DA:127,1
SF:/workspace/scratch/2530b218b415/work/sm35_tree/src/supermoon35/vnv.py
DA:128,1
SF:/workspace/scratch/2530b218b415/work/sm35_tree/src/supermoon35/vnv.py
DA:129,1
SF:/workspace/scratch/2530b218b415/work/sm35_tree/src/supermoon35/vnv.py
DA:130,1
SF:/workspace/scratch/2530b218b415/work/sm35_tree/src/supermoon35/vnv.py
DA:131,1
end_of_record
